+ module load devel/python/3.8.6_gnu_10.2
++ /opt/bwhpc/common/admin/modules/module-wrapper/modulecmd bash load devel/python/3.8.6_gnu_10.2
+ eval 'GNU_BIN_DIR=/opt/bwhpc/common/compiler/gnu/10.2.0/bin;' export 'GNU_BIN_DIR;' 'GNU_HOME=/opt/bwhpc/common/compiler/gnu/10.2.0;' export 'GNU_HOME;' 'GNU_INC_DIR=/opt/bwhpc/common/compiler/gnu/10.2.0/include;' export 'GNU_INC_DIR;' 'GNU_LIB64_DIR=/opt/bwhpc/common/compiler/gnu/10.2.0/lib64;' export 'GNU_LIB64_DIR;' 'GNU_LIB_DIR=/opt/bwhpc/common/compiler/gnu/10.2.0/lib;' export 'GNU_LIB_DIR;' 'GNU_MAN_DIR=/opt/bwhpc/common/compiler/gnu/10.2.0/share/man;' export 'GNU_MAN_DIR;' 'GNU_VERSION=10.2.0;' export 'GNU_VERSION;' '__LMOD_REF_COUNT_JUPYTER_PATH=/opt/bwhpc/common/devel/python/3.8.6_gnu_10.2/python_gnu_packages/share/jupyter:1;' export '__LMOD_REF_COUNT_JUPYTER_PATH;' 'JUPYTER_PATH=/opt/bwhpc/common/devel/python/3.8.6_gnu_10.2/python_gnu_packages/share/jupyter;' export 'JUPYTER_PATH;' 'KIT_FAMILY_COMPILER=compiler/gnu;' export 'KIT_FAMILY_COMPILER;' 'KIT_FAMILY_COMPILER_VERSION=10.2;' export 'KIT_FAMILY_COMPILER_VERSION;' '__LMOD_REF_COUNT_LD_LIBRARY_PATH=/opt/bwhpc/common/devel/python/3.8.6_gnu_10.2/lib64:1\;/opt/bwhpc/common/compiler/gnu/10.2.0/lib:1\;/opt/bwhpc/common/compiler/gnu/10.2.0/lib64:1;' export '__LMOD_REF_COUNT_LD_LIBRARY_PATH;' 'LD_LIBRARY_PATH=/opt/bwhpc/common/devel/python/3.8.6_gnu_10.2/lib64:/opt/bwhpc/common/compiler/gnu/10.2.0/lib:/opt/bwhpc/common/compiler/gnu/10.2.0/lib64;' export 'LD_LIBRARY_PATH;' 'LMOD_FAMILY_COMPILER=compiler/gnu;' export 'LMOD_FAMILY_COMPILER;' 'LMOD_FAMILY_COMPILER_VERSION=10.2;' export 'LMOD_FAMILY_COMPILER_VERSION;' 'LOADEDMODULES=compiler/gnu/10.2:devel/python/3.8.6_gnu_10.2;' export 'LOADEDMODULES;' '__LMOD_REF_COUNT_MANPATH=/opt/bwhpc/common/devel/python/3.8.6_gnu_10.2/share/man:1\;/opt/bwhpc/common/compiler/gnu/10.2.0/share/man:1\;/opt/lmod/lmod/share/man:1;' export '__LMOD_REF_COUNT_MANPATH;' 'MANPATH=/opt/bwhpc/common/devel/python/3.8.6_gnu_10.2/share/man:/opt/bwhpc/common/compiler/gnu/10.2.0/share/man:/opt/lmod/lmod/share/man::;' export 'MANPATH;' '__LMOD_REF_COUNT_MODULEPATH=/software/bwhpc/common/modulefiles/Compiler/gnu/10.2:1\;/opt/bwhpc/fr/modulefiles:1\;/opt/bwhpc/common/modulefiles/Core:1;' export '__LMOD_REF_COUNT_MODULEPATH;' 'MODULEPATH=/software/bwhpc/common/modulefiles/Compiler/gnu/10.2:/opt/bwhpc/fr/modulefiles:/opt/bwhpc/common/modulefiles/Core;' export 'MODULEPATH;' '__LMOD_REF_COUNT_PATH=/opt/bwhpc/common/devel/python/3.8.6_gnu_10.2/lib/python3.8/site-packages/bin:1\;/opt/bwhpc/common/devel/python/3.8.6_gnu_10.2/bin:1\;/opt/bwhpc/common/devel/python/3.8.6_gnu_10.2/python_gnu_packages/bin:1\;/opt/bwhpc/common/compiler/gnu/10.2.0/bin:1\;/software/all/bin:2\;/pfs/data5/home/fr/fr_fr/fr_jr594/.vscode-server/bin/2ccd690cbff1569e4a83d7c43d45101f817401dc/bin/remote-cli:1\;/opt/bwhpc/common/devel/miniconda3/bin:1\;/opt/bwhpc/common/devel/miniconda3/condabin:1\;/home/fr/fr_fr/fr_jr594/.local/bin:1\;/home/fr/fr_fr/fr_jr594/bin:1\;/usr/share/Modules/bin:1\;/usr/local/bin:1\;/usr/bin:1\;/usr/local/sbin:1\;/usr/sbin:1;' export '__LMOD_REF_COUNT_PATH;' 'PATH=/opt/bwhpc/common/devel/python/3.8.6_gnu_10.2/lib/python3.8/site-packages/bin:/opt/bwhpc/common/devel/python/3.8.6_gnu_10.2/bin:/opt/bwhpc/common/devel/python/3.8.6_gnu_10.2/python_gnu_packages/bin:/opt/bwhpc/common/compiler/gnu/10.2.0/bin:/software/all/bin:/pfs/data5/home/fr/fr_fr/fr_jr594/.vscode-server/bin/2ccd690cbff1569e4a83d7c43d45101f817401dc/bin/remote-cli:/opt/bwhpc/common/devel/miniconda3/bin:/opt/bwhpc/common/devel/miniconda3/condabin:/home/fr/fr_fr/fr_jr594/.local/bin:/home/fr/fr_fr/fr_jr594/bin:/usr/share/Modules/bin:/usr/local/bin:/usr/bin:/usr/local/sbin:/usr/sbin;' export 'PATH;' '__LMOD_REF_COUNT_PYTHONPATH=/opt/bwhpc/common/devel/python/3.8.6_gnu_10.2/python_gnu_packages/lib/python3.8/site-packages:1;' export '__LMOD_REF_COUNT_PYTHONPATH;' 'PYTHONPATH=/opt/bwhpc/common/devel/python/3.8.6_gnu_10.2/python_gnu_packages/lib/python3.8/site-packages;' export 'PYTHONPATH;' '_LMFILES_=/opt/bwhpc/common/modulefiles/Core/compiler/gnu/10.2.lua:/opt/bwhpc/common/modulefiles/Core/devel/python/3.8.6_gnu_10.2.lua;' export '_LMFILES_;' '_ModuleTable001_=X01vZHVsZVRhYmxlXyA9IHsKTVR2ZXJzaW9uID0gMywKY19yZWJ1aWxkVGltZSA9IGZhbHNlLApjX3Nob3J0VGltZSA9IGZhbHNlLApkZXB0aFQgPSB7fSwKZmFtaWx5ID0gewpjb21waWxlciA9ICJjb21waWxlci9nbnUiLAp9LAptVCA9IHsKWyJjb21waWxlci9nbnUiXSA9IHsKZm4gPSAiL29wdC9id2hwYy9jb21tb24vbW9kdWxlZmlsZXMvQ29yZS9jb21waWxlci9nbnUvMTAuMi5sdWEiLApmdWxsTmFtZSA9ICJjb21waWxlci9nbnUvMTAuMiIsCmxvYWRPcmRlciA9IDEsCnByb3BUID0ge30sCnN0YWNrRGVwdGggPSAxLApzdGF0dXMgPSAiYWN0aXZlIiwKdXNlck5hbWUgPSAiY29tcGlsZXIvZ251LzEwLjIiLAp3ViA9ICJeMDAwMDAwMTAuMDAwMDAwMDAyLip6ZmluYWwi;' export '_ModuleTable001_;' '_ModuleTable002_=LAp9LApbImRldmVsL3B5dGhvbiJdID0gewpmbiA9ICIvb3B0L2J3aHBjL2NvbW1vbi9tb2R1bGVmaWxlcy9Db3JlL2RldmVsL3B5dGhvbi8zLjguNl9nbnVfMTAuMi5sdWEiLApmdWxsTmFtZSA9ICJkZXZlbC9weXRob24vMy44LjZfZ251XzEwLjIiLApsb2FkT3JkZXIgPSAyLApwcm9wVCA9IHt9LApzdGFja0RlcHRoID0gMCwKc3RhdHVzID0gImFjdGl2ZSIsCnVzZXJOYW1lID0gImRldmVsL3B5dGhvbi8zLjguNl9nbnVfMTAuMiIsCndWID0gIjAwMDAwMDAwMy4wMDAwMDAwMDguMDAwMDAwMDA2LipfLipnbnUuKl8uMDAwMDAwMDEwLjAwMDAwMDAwMi4qemZpbmFsIiwKfSwKfSwKbXBhdGhBID0gewoiL3NvZnR3YXJlL2J3aHBjL2NvbW1vbi9tb2R1bGVmaWxlcy9Db21waWxl;' export '_ModuleTable002_;' '_ModuleTable003_=ci9nbnUvMTAuMiIKLCAiL29wdC9id2hwYy9mci9tb2R1bGVmaWxlcyIsICIvb3B0L2J3aHBjL2NvbW1vbi9tb2R1bGVmaWxlcy9Db3JlIiwKfSwKc3lzdGVtQmFzZU1QQVRIID0gIi9vcHQvYndocGMvZnIvbW9kdWxlZmlsZXM6L29wdC9id2hwYy9jb21tb24vbW9kdWxlZmlsZXMvQ29yZSIsCn0K;' export '_ModuleTable003_;' '_ModuleTable_Sz_=3;' export '_ModuleTable_Sz_;' alias 'pip=pip3;'
++ GNU_BIN_DIR=/opt/bwhpc/common/compiler/gnu/10.2.0/bin
++ export GNU_BIN_DIR
++ GNU_HOME=/opt/bwhpc/common/compiler/gnu/10.2.0
++ export GNU_HOME
++ GNU_INC_DIR=/opt/bwhpc/common/compiler/gnu/10.2.0/include
++ export GNU_INC_DIR
++ GNU_LIB64_DIR=/opt/bwhpc/common/compiler/gnu/10.2.0/lib64
++ export GNU_LIB64_DIR
++ GNU_LIB_DIR=/opt/bwhpc/common/compiler/gnu/10.2.0/lib
++ export GNU_LIB_DIR
++ GNU_MAN_DIR=/opt/bwhpc/common/compiler/gnu/10.2.0/share/man
++ export GNU_MAN_DIR
++ GNU_VERSION=10.2.0
++ export GNU_VERSION
++ __LMOD_REF_COUNT_JUPYTER_PATH=/opt/bwhpc/common/devel/python/3.8.6_gnu_10.2/python_gnu_packages/share/jupyter:1
++ export __LMOD_REF_COUNT_JUPYTER_PATH
++ JUPYTER_PATH=/opt/bwhpc/common/devel/python/3.8.6_gnu_10.2/python_gnu_packages/share/jupyter
++ export JUPYTER_PATH
++ KIT_FAMILY_COMPILER=compiler/gnu
++ export KIT_FAMILY_COMPILER
++ KIT_FAMILY_COMPILER_VERSION=10.2
++ export KIT_FAMILY_COMPILER_VERSION
++ __LMOD_REF_COUNT_LD_LIBRARY_PATH='/opt/bwhpc/common/devel/python/3.8.6_gnu_10.2/lib64:1;/opt/bwhpc/common/compiler/gnu/10.2.0/lib:1;/opt/bwhpc/common/compiler/gnu/10.2.0/lib64:1'
++ export __LMOD_REF_COUNT_LD_LIBRARY_PATH
++ LD_LIBRARY_PATH=/opt/bwhpc/common/devel/python/3.8.6_gnu_10.2/lib64:/opt/bwhpc/common/compiler/gnu/10.2.0/lib:/opt/bwhpc/common/compiler/gnu/10.2.0/lib64
++ export LD_LIBRARY_PATH
++ LMOD_FAMILY_COMPILER=compiler/gnu
++ export LMOD_FAMILY_COMPILER
++ LMOD_FAMILY_COMPILER_VERSION=10.2
++ export LMOD_FAMILY_COMPILER_VERSION
++ LOADEDMODULES=compiler/gnu/10.2:devel/python/3.8.6_gnu_10.2
++ export LOADEDMODULES
++ __LMOD_REF_COUNT_MANPATH='/opt/bwhpc/common/devel/python/3.8.6_gnu_10.2/share/man:1;/opt/bwhpc/common/compiler/gnu/10.2.0/share/man:1;/opt/lmod/lmod/share/man:1'
++ export __LMOD_REF_COUNT_MANPATH
++ MANPATH=/opt/bwhpc/common/devel/python/3.8.6_gnu_10.2/share/man:/opt/bwhpc/common/compiler/gnu/10.2.0/share/man:/opt/lmod/lmod/share/man::
++ export MANPATH
++ __LMOD_REF_COUNT_MODULEPATH='/software/bwhpc/common/modulefiles/Compiler/gnu/10.2:1;/opt/bwhpc/fr/modulefiles:1;/opt/bwhpc/common/modulefiles/Core:1'
++ export __LMOD_REF_COUNT_MODULEPATH
++ MODULEPATH=/software/bwhpc/common/modulefiles/Compiler/gnu/10.2:/opt/bwhpc/fr/modulefiles:/opt/bwhpc/common/modulefiles/Core
++ export MODULEPATH
++ __LMOD_REF_COUNT_PATH='/opt/bwhpc/common/devel/python/3.8.6_gnu_10.2/lib/python3.8/site-packages/bin:1;/opt/bwhpc/common/devel/python/3.8.6_gnu_10.2/bin:1;/opt/bwhpc/common/devel/python/3.8.6_gnu_10.2/python_gnu_packages/bin:1;/opt/bwhpc/common/compiler/gnu/10.2.0/bin:1;/software/all/bin:2;/pfs/data5/home/fr/fr_fr/fr_jr594/.vscode-server/bin/2ccd690cbff1569e4a83d7c43d45101f817401dc/bin/remote-cli:1;/opt/bwhpc/common/devel/miniconda3/bin:1;/opt/bwhpc/common/devel/miniconda3/condabin:1;/home/fr/fr_fr/fr_jr594/.local/bin:1;/home/fr/fr_fr/fr_jr594/bin:1;/usr/share/Modules/bin:1;/usr/local/bin:1;/usr/bin:1;/usr/local/sbin:1;/usr/sbin:1'
++ export __LMOD_REF_COUNT_PATH
++ PATH=/opt/bwhpc/common/devel/python/3.8.6_gnu_10.2/lib/python3.8/site-packages/bin:/opt/bwhpc/common/devel/python/3.8.6_gnu_10.2/bin:/opt/bwhpc/common/devel/python/3.8.6_gnu_10.2/python_gnu_packages/bin:/opt/bwhpc/common/compiler/gnu/10.2.0/bin:/software/all/bin:/pfs/data5/home/fr/fr_fr/fr_jr594/.vscode-server/bin/2ccd690cbff1569e4a83d7c43d45101f817401dc/bin/remote-cli:/opt/bwhpc/common/devel/miniconda3/bin:/opt/bwhpc/common/devel/miniconda3/condabin:/home/fr/fr_fr/fr_jr594/.local/bin:/home/fr/fr_fr/fr_jr594/bin:/usr/share/Modules/bin:/usr/local/bin:/usr/bin:/usr/local/sbin:/usr/sbin
++ export PATH
++ __LMOD_REF_COUNT_PYTHONPATH=/opt/bwhpc/common/devel/python/3.8.6_gnu_10.2/python_gnu_packages/lib/python3.8/site-packages:1
++ export __LMOD_REF_COUNT_PYTHONPATH
++ PYTHONPATH=/opt/bwhpc/common/devel/python/3.8.6_gnu_10.2/python_gnu_packages/lib/python3.8/site-packages
++ export PYTHONPATH
++ _LMFILES_=/opt/bwhpc/common/modulefiles/Core/compiler/gnu/10.2.lua:/opt/bwhpc/common/modulefiles/Core/devel/python/3.8.6_gnu_10.2.lua
++ export _LMFILES_
++ _ModuleTable001_=X01vZHVsZVRhYmxlXyA9IHsKTVR2ZXJzaW9uID0gMywKY19yZWJ1aWxkVGltZSA9IGZhbHNlLApjX3Nob3J0VGltZSA9IGZhbHNlLApkZXB0aFQgPSB7fSwKZmFtaWx5ID0gewpjb21waWxlciA9ICJjb21waWxlci9nbnUiLAp9LAptVCA9IHsKWyJjb21waWxlci9nbnUiXSA9IHsKZm4gPSAiL29wdC9id2hwYy9jb21tb24vbW9kdWxlZmlsZXMvQ29yZS9jb21waWxlci9nbnUvMTAuMi5sdWEiLApmdWxsTmFtZSA9ICJjb21waWxlci9nbnUvMTAuMiIsCmxvYWRPcmRlciA9IDEsCnByb3BUID0ge30sCnN0YWNrRGVwdGggPSAxLApzdGF0dXMgPSAiYWN0aXZlIiwKdXNlck5hbWUgPSAiY29tcGlsZXIvZ251LzEwLjIiLAp3ViA9ICJeMDAwMDAwMTAuMDAwMDAwMDAyLip6ZmluYWwi
++ export _ModuleTable001_
++ _ModuleTable002_=LAp9LApbImRldmVsL3B5dGhvbiJdID0gewpmbiA9ICIvb3B0L2J3aHBjL2NvbW1vbi9tb2R1bGVmaWxlcy9Db3JlL2RldmVsL3B5dGhvbi8zLjguNl9nbnVfMTAuMi5sdWEiLApmdWxsTmFtZSA9ICJkZXZlbC9weXRob24vMy44LjZfZ251XzEwLjIiLApsb2FkT3JkZXIgPSAyLApwcm9wVCA9IHt9LApzdGFja0RlcHRoID0gMCwKc3RhdHVzID0gImFjdGl2ZSIsCnVzZXJOYW1lID0gImRldmVsL3B5dGhvbi8zLjguNl9nbnVfMTAuMiIsCndWID0gIjAwMDAwMDAwMy4wMDAwMDAwMDguMDAwMDAwMDA2LipfLipnbnUuKl8uMDAwMDAwMDEwLjAwMDAwMDAwMi4qemZpbmFsIiwKfSwKfSwKbXBhdGhBID0gewoiL3NvZnR3YXJlL2J3aHBjL2NvbW1vbi9tb2R1bGVmaWxlcy9Db21waWxl
++ export _ModuleTable002_
++ _ModuleTable003_=ci9nbnUvMTAuMiIKLCAiL29wdC9id2hwYy9mci9tb2R1bGVmaWxlcyIsICIvb3B0L2J3aHBjL2NvbW1vbi9tb2R1bGVmaWxlcy9Db3JlIiwKfSwKc3lzdGVtQmFzZU1QQVRIID0gIi9vcHQvYndocGMvZnIvbW9kdWxlZmlsZXM6L29wdC9id2hwYy9jb21tb24vbW9kdWxlZmlsZXMvQ29yZSIsCn0K
++ export _ModuleTable003_
++ _ModuleTable_Sz_=3
++ export _ModuleTable_Sz_
++ alias pip=pip3
+ module load compiler/gnu/12.1
++ /opt/bwhpc/common/admin/modules/module-wrapper/modulecmd bash load compiler/gnu/12.1

The following have been reloaded with a version change:
  1) compiler/gnu/10.2 => compiler/gnu/12.1

+ eval 'GNU_BIN_DIR=/opt/bwhpc/common/compiler/gnu/12.1.0/bin;' export 'GNU_BIN_DIR;' 'GNU_HOME=/opt/bwhpc/common/compiler/gnu/12.1.0;' export 'GNU_HOME;' 'GNU_INC_DIR=/opt/bwhpc/common/compiler/gnu/12.1.0/include;' export 'GNU_INC_DIR;' unset 'GNU_LIB64_DIR;' 'GNU_LIB_DIR=/opt/bwhpc/common/compiler/gnu/12.1.0/lib64;' export 'GNU_LIB_DIR;' 'GNU_MAN_DIR=/opt/bwhpc/common/compiler/gnu/12.1.0/share/man;' export 'GNU_MAN_DIR;' 'GNU_VERSION=12.1.0;' export 'GNU_VERSION;' 'KIT_FAMILY_COMPILER=compiler/gnu;' export 'KIT_FAMILY_COMPILER;' 'KIT_FAMILY_COMPILER_VERSION=12.1;' export 'KIT_FAMILY_COMPILER_VERSION;' '__LMOD_REF_COUNT_LD_LIBRARY_PATH=/opt/bwhpc/common/compiler/gnu/12.1.0/lib64:1\;/opt/bwhpc/common/devel/python/3.8.6_gnu_10.2/lib64:1;' export '__LMOD_REF_COUNT_LD_LIBRARY_PATH;' 'LD_LIBRARY_PATH=/opt/bwhpc/common/compiler/gnu/12.1.0/lib64:/opt/bwhpc/common/devel/python/3.8.6_gnu_10.2/lib64;' export 'LD_LIBRARY_PATH;' 'LMOD_FAMILY_COMPILER=compiler/gnu;' export 'LMOD_FAMILY_COMPILER;' 'LMOD_FAMILY_COMPILER_VERSION=12.1;' export 'LMOD_FAMILY_COMPILER_VERSION;' 'LOADEDMODULES=devel/python/3.8.6_gnu_10.2:compiler/gnu/12.1;' export 'LOADEDMODULES;' '__LMOD_REF_COUNT_MANPATH=/opt/bwhpc/common/compiler/gnu/12.1.0/share/man:1\;/opt/bwhpc/common/devel/python/3.8.6_gnu_10.2/share/man:1\;/opt/lmod/lmod/share/man:1;' export '__LMOD_REF_COUNT_MANPATH;' 'MANPATH=/opt/bwhpc/common/compiler/gnu/12.1.0/share/man:/opt/bwhpc/common/devel/python/3.8.6_gnu_10.2/share/man:/opt/lmod/lmod/share/man::;' export 'MANPATH;' '__LMOD_REF_COUNT_MODULEPATH=/software/bwhpc/common/modulefiles/Compiler/gnu/12.1:1\;/opt/bwhpc/fr/modulefiles:1\;/opt/bwhpc/common/modulefiles/Core:1;' export '__LMOD_REF_COUNT_MODULEPATH;' 'MODULEPATH=/software/bwhpc/common/modulefiles/Compiler/gnu/12.1:/opt/bwhpc/fr/modulefiles:/opt/bwhpc/common/modulefiles/Core;' export 'MODULEPATH;' '__LMOD_REF_COUNT_PATH=/opt/bwhpc/common/compiler/gnu/12.1.0/bin:1\;/opt/bwhpc/common/devel/python/3.8.6_gnu_10.2/lib/python3.8/site-packages/bin:1\;/opt/bwhpc/common/devel/python/3.8.6_gnu_10.2/bin:1\;/opt/bwhpc/common/devel/python/3.8.6_gnu_10.2/python_gnu_packages/bin:1\;/software/all/bin:2\;/pfs/data5/home/fr/fr_fr/fr_jr594/.vscode-server/bin/2ccd690cbff1569e4a83d7c43d45101f817401dc/bin/remote-cli:1\;/opt/bwhpc/common/devel/miniconda3/bin:1\;/opt/bwhpc/common/devel/miniconda3/condabin:1\;/home/fr/fr_fr/fr_jr594/.local/bin:1\;/home/fr/fr_fr/fr_jr594/bin:1\;/usr/share/Modules/bin:1\;/usr/local/bin:1\;/usr/bin:1\;/usr/local/sbin:1\;/usr/sbin:1;' export '__LMOD_REF_COUNT_PATH;' 'PATH=/opt/bwhpc/common/compiler/gnu/12.1.0/bin:/opt/bwhpc/common/devel/python/3.8.6_gnu_10.2/lib/python3.8/site-packages/bin:/opt/bwhpc/common/devel/python/3.8.6_gnu_10.2/bin:/opt/bwhpc/common/devel/python/3.8.6_gnu_10.2/python_gnu_packages/bin:/software/all/bin:/pfs/data5/home/fr/fr_fr/fr_jr594/.vscode-server/bin/2ccd690cbff1569e4a83d7c43d45101f817401dc/bin/remote-cli:/opt/bwhpc/common/devel/miniconda3/bin:/opt/bwhpc/common/devel/miniconda3/condabin:/home/fr/fr_fr/fr_jr594/.local/bin:/home/fr/fr_fr/fr_jr594/bin:/usr/share/Modules/bin:/usr/local/bin:/usr/bin:/usr/local/sbin:/usr/sbin;' export 'PATH;' '_LMFILES_=/opt/bwhpc/common/modulefiles/Core/devel/python/3.8.6_gnu_10.2.lua:/opt/bwhpc/common/modulefiles/Core/compiler/gnu/12.1.lua;' export '_LMFILES_;' '_ModuleTable001_=X01vZHVsZVRhYmxlXyA9IHsKTVR2ZXJzaW9uID0gMywKY19yZWJ1aWxkVGltZSA9IGZhbHNlLApjX3Nob3J0VGltZSA9IGZhbHNlLApkZXB0aFQgPSB7fSwKZmFtaWx5ID0gewpjb21waWxlciA9ICJjb21waWxlci9nbnUiLAp9LAptVCA9IHsKWyJjb21waWxlci9nbnUiXSA9IHsKZm4gPSAiL29wdC9id2hwYy9jb21tb24vbW9kdWxlZmlsZXMvQ29yZS9jb21waWxlci9nbnUvMTIuMS5sdWEiLApmdWxsTmFtZSA9ICJjb21waWxlci9nbnUvMTIuMSIsCmxvYWRPcmRlciA9IDIsCnByb3BUID0ge30sCnN0YWNrRGVwdGggPSAwLApzdGF0dXMgPSAiYWN0aXZlIiwKdXNlck5hbWUgPSAiY29tcGlsZXIvZ251LzEyLjEiLAp3ViA9ICIwMDAwMDAwMTIuMDAwMDAwMDAxLip6ZmluYWwi;' export '_ModuleTable001_;' '_ModuleTable002_=LAp9LApbImRldmVsL3B5dGhvbiJdID0gewpmbiA9ICIvb3B0L2J3aHBjL2NvbW1vbi9tb2R1bGVmaWxlcy9Db3JlL2RldmVsL3B5dGhvbi8zLjguNl9nbnVfMTAuMi5sdWEiLApmdWxsTmFtZSA9ICJkZXZlbC9weXRob24vMy44LjZfZ251XzEwLjIiLApsb2FkT3JkZXIgPSAxLApwcm9wVCA9IHt9LApzdGFja0RlcHRoID0gMCwKc3RhdHVzID0gImFjdGl2ZSIsCnVzZXJOYW1lID0gImRldmVsL3B5dGhvbi8zLjguNl9nbnVfMTAuMiIsCndWID0gIjAwMDAwMDAwMy4wMDAwMDAwMDguMDAwMDAwMDA2LipfLipnbnUuKl8uMDAwMDAwMDEwLjAwMDAwMDAwMi4qemZpbmFsIiwKfSwKfSwKbXBhdGhBID0gewoiL3NvZnR3YXJlL2J3aHBjL2NvbW1vbi9tb2R1bGVmaWxlcy9Db21waWxl;' export '_ModuleTable002_;' '_ModuleTable003_=ci9nbnUvMTIuMSIKLCAiL29wdC9id2hwYy9mci9tb2R1bGVmaWxlcyIsICIvb3B0L2J3aHBjL2NvbW1vbi9tb2R1bGVmaWxlcy9Db3JlIiwKfSwKc3lzdGVtQmFzZU1QQVRIID0gIi9vcHQvYndocGMvZnIvbW9kdWxlZmlsZXM6L29wdC9id2hwYy9jb21tb24vbW9kdWxlZmlsZXMvQ29yZSIsCn0K;' export '_ModuleTable003_;' '_ModuleTable_Sz_=3;' export '_ModuleTable_Sz_;'
++ GNU_BIN_DIR=/opt/bwhpc/common/compiler/gnu/12.1.0/bin
++ export GNU_BIN_DIR
++ GNU_HOME=/opt/bwhpc/common/compiler/gnu/12.1.0
++ export GNU_HOME
++ GNU_INC_DIR=/opt/bwhpc/common/compiler/gnu/12.1.0/include
++ export GNU_INC_DIR
++ unset GNU_LIB64_DIR
++ GNU_LIB_DIR=/opt/bwhpc/common/compiler/gnu/12.1.0/lib64
++ export GNU_LIB_DIR
++ GNU_MAN_DIR=/opt/bwhpc/common/compiler/gnu/12.1.0/share/man
++ export GNU_MAN_DIR
++ GNU_VERSION=12.1.0
++ export GNU_VERSION
++ KIT_FAMILY_COMPILER=compiler/gnu
++ export KIT_FAMILY_COMPILER
++ KIT_FAMILY_COMPILER_VERSION=12.1
++ export KIT_FAMILY_COMPILER_VERSION
++ __LMOD_REF_COUNT_LD_LIBRARY_PATH='/opt/bwhpc/common/compiler/gnu/12.1.0/lib64:1;/opt/bwhpc/common/devel/python/3.8.6_gnu_10.2/lib64:1'
++ export __LMOD_REF_COUNT_LD_LIBRARY_PATH
++ LD_LIBRARY_PATH=/opt/bwhpc/common/compiler/gnu/12.1.0/lib64:/opt/bwhpc/common/devel/python/3.8.6_gnu_10.2/lib64
++ export LD_LIBRARY_PATH
++ LMOD_FAMILY_COMPILER=compiler/gnu
++ export LMOD_FAMILY_COMPILER
++ LMOD_FAMILY_COMPILER_VERSION=12.1
++ export LMOD_FAMILY_COMPILER_VERSION
++ LOADEDMODULES=devel/python/3.8.6_gnu_10.2:compiler/gnu/12.1
++ export LOADEDMODULES
++ __LMOD_REF_COUNT_MANPATH='/opt/bwhpc/common/compiler/gnu/12.1.0/share/man:1;/opt/bwhpc/common/devel/python/3.8.6_gnu_10.2/share/man:1;/opt/lmod/lmod/share/man:1'
++ export __LMOD_REF_COUNT_MANPATH
++ MANPATH=/opt/bwhpc/common/compiler/gnu/12.1.0/share/man:/opt/bwhpc/common/devel/python/3.8.6_gnu_10.2/share/man:/opt/lmod/lmod/share/man::
++ export MANPATH
++ __LMOD_REF_COUNT_MODULEPATH='/software/bwhpc/common/modulefiles/Compiler/gnu/12.1:1;/opt/bwhpc/fr/modulefiles:1;/opt/bwhpc/common/modulefiles/Core:1'
++ export __LMOD_REF_COUNT_MODULEPATH
++ MODULEPATH=/software/bwhpc/common/modulefiles/Compiler/gnu/12.1:/opt/bwhpc/fr/modulefiles:/opt/bwhpc/common/modulefiles/Core
++ export MODULEPATH
++ __LMOD_REF_COUNT_PATH='/opt/bwhpc/common/compiler/gnu/12.1.0/bin:1;/opt/bwhpc/common/devel/python/3.8.6_gnu_10.2/lib/python3.8/site-packages/bin:1;/opt/bwhpc/common/devel/python/3.8.6_gnu_10.2/bin:1;/opt/bwhpc/common/devel/python/3.8.6_gnu_10.2/python_gnu_packages/bin:1;/software/all/bin:2;/pfs/data5/home/fr/fr_fr/fr_jr594/.vscode-server/bin/2ccd690cbff1569e4a83d7c43d45101f817401dc/bin/remote-cli:1;/opt/bwhpc/common/devel/miniconda3/bin:1;/opt/bwhpc/common/devel/miniconda3/condabin:1;/home/fr/fr_fr/fr_jr594/.local/bin:1;/home/fr/fr_fr/fr_jr594/bin:1;/usr/share/Modules/bin:1;/usr/local/bin:1;/usr/bin:1;/usr/local/sbin:1;/usr/sbin:1'
++ export __LMOD_REF_COUNT_PATH
++ PATH=/opt/bwhpc/common/compiler/gnu/12.1.0/bin:/opt/bwhpc/common/devel/python/3.8.6_gnu_10.2/lib/python3.8/site-packages/bin:/opt/bwhpc/common/devel/python/3.8.6_gnu_10.2/bin:/opt/bwhpc/common/devel/python/3.8.6_gnu_10.2/python_gnu_packages/bin:/software/all/bin:/pfs/data5/home/fr/fr_fr/fr_jr594/.vscode-server/bin/2ccd690cbff1569e4a83d7c43d45101f817401dc/bin/remote-cli:/opt/bwhpc/common/devel/miniconda3/bin:/opt/bwhpc/common/devel/miniconda3/condabin:/home/fr/fr_fr/fr_jr594/.local/bin:/home/fr/fr_fr/fr_jr594/bin:/usr/share/Modules/bin:/usr/local/bin:/usr/bin:/usr/local/sbin:/usr/sbin
++ export PATH
++ _LMFILES_=/opt/bwhpc/common/modulefiles/Core/devel/python/3.8.6_gnu_10.2.lua:/opt/bwhpc/common/modulefiles/Core/compiler/gnu/12.1.lua
++ export _LMFILES_
++ _ModuleTable001_=X01vZHVsZVRhYmxlXyA9IHsKTVR2ZXJzaW9uID0gMywKY19yZWJ1aWxkVGltZSA9IGZhbHNlLApjX3Nob3J0VGltZSA9IGZhbHNlLApkZXB0aFQgPSB7fSwKZmFtaWx5ID0gewpjb21waWxlciA9ICJjb21waWxlci9nbnUiLAp9LAptVCA9IHsKWyJjb21waWxlci9nbnUiXSA9IHsKZm4gPSAiL29wdC9id2hwYy9jb21tb24vbW9kdWxlZmlsZXMvQ29yZS9jb21waWxlci9nbnUvMTIuMS5sdWEiLApmdWxsTmFtZSA9ICJjb21waWxlci9nbnUvMTIuMSIsCmxvYWRPcmRlciA9IDIsCnByb3BUID0ge30sCnN0YWNrRGVwdGggPSAwLApzdGF0dXMgPSAiYWN0aXZlIiwKdXNlck5hbWUgPSAiY29tcGlsZXIvZ251LzEyLjEiLAp3ViA9ICIwMDAwMDAwMTIuMDAwMDAwMDAxLip6ZmluYWwi
++ export _ModuleTable001_
++ _ModuleTable002_=LAp9LApbImRldmVsL3B5dGhvbiJdID0gewpmbiA9ICIvb3B0L2J3aHBjL2NvbW1vbi9tb2R1bGVmaWxlcy9Db3JlL2RldmVsL3B5dGhvbi8zLjguNl9nbnVfMTAuMi5sdWEiLApmdWxsTmFtZSA9ICJkZXZlbC9weXRob24vMy44LjZfZ251XzEwLjIiLApsb2FkT3JkZXIgPSAxLApwcm9wVCA9IHt9LApzdGFja0RlcHRoID0gMCwKc3RhdHVzID0gImFjdGl2ZSIsCnVzZXJOYW1lID0gImRldmVsL3B5dGhvbi8zLjguNl9nbnVfMTAuMiIsCndWID0gIjAwMDAwMDAwMy4wMDAwMDAwMDguMDAwMDAwMDA2LipfLipnbnUuKl8uMDAwMDAwMDEwLjAwMDAwMDAwMi4qemZpbmFsIiwKfSwKfSwKbXBhdGhBID0gewoiL3NvZnR3YXJlL2J3aHBjL2NvbW1vbi9tb2R1bGVmaWxlcy9Db21waWxl
++ export _ModuleTable002_
++ _ModuleTable003_=ci9nbnUvMTIuMSIKLCAiL29wdC9id2hwYy9mci9tb2R1bGVmaWxlcyIsICIvb3B0L2J3aHBjL2NvbW1vbi9tb2R1bGVmaWxlcy9Db3JlIiwKfSwKc3lzdGVtQmFzZU1QQVRIID0gIi9vcHQvYndocGMvZnIvbW9kdWxlZmlsZXM6L29wdC9id2hwYy9jb21tb24vbW9kdWxlZmlsZXMvQ29yZSIsCn0K
++ export _ModuleTable003_
++ _ModuleTable_Sz_=3
++ export _ModuleTable_Sz_
+ module load mpi/openmpi/4.1
++ /opt/bwhpc/common/admin/modules/module-wrapper/modulecmd bash load mpi/openmpi/4.1
+ eval 'GNU_BIN_DIR=/opt/bwhpc/common/compiler/gnu/12.1.0/bin;' export 'GNU_BIN_DIR;' 'GNU_HOME=/opt/bwhpc/common/compiler/gnu/12.1.0;' export 'GNU_HOME;' 'GNU_INC_DIR=/opt/bwhpc/common/compiler/gnu/12.1.0/include;' export 'GNU_INC_DIR;' 'GNU_LIB_DIR=/opt/bwhpc/common/compiler/gnu/12.1.0/lib64;' export 'GNU_LIB_DIR;' 'GNU_MAN_DIR=/opt/bwhpc/common/compiler/gnu/12.1.0/share/man;' export 'GNU_MAN_DIR;' 'GNU_VERSION=12.1.0;' export 'GNU_VERSION;' 'KIT_FAMILY_COMPILER=compiler/gnu;' export 'KIT_FAMILY_COMPILER;' 'KIT_FAMILY_COMPILER_VERSION=12.1;' export 'KIT_FAMILY_COMPILER_VERSION;' '__LMOD_REF_COUNT_LD_LIBRARY_PATH=/opt/bwhpc/common/compiler/gnu/12.1.0/lib64:1\;/opt/bwhpc/common/mpi/openmpi/4.1.4-gnu-12.1/lib64:1\;/opt/bwhpc/common/devel/python/3.8.6_gnu_10.2/lib64:1;' export '__LMOD_REF_COUNT_LD_LIBRARY_PATH;' 'LD_LIBRARY_PATH=/opt/bwhpc/common/compiler/gnu/12.1.0/lib64:/opt/bwhpc/common/mpi/openmpi/4.1.4-gnu-12.1/lib64:/opt/bwhpc/common/devel/python/3.8.6_gnu_10.2/lib64;' export 'LD_LIBRARY_PATH;' 'LMOD_FAMILY_COMPILER=compiler/gnu;' export 'LMOD_FAMILY_COMPILER;' 'LMOD_FAMILY_COMPILER_VERSION=12.1;' export 'LMOD_FAMILY_COMPILER_VERSION;' 'LOADEDMODULES=devel/python/3.8.6_gnu_10.2:compiler/gnu/12.1:mpi/openmpi/4.1;' export 'LOADEDMODULES;' '__LMOD_REF_COUNT_MANPATH=/opt/bwhpc/common/compiler/gnu/12.1.0/share/man:1\;/opt/bwhpc/common/mpi/openmpi/4.1.4-gnu-12.1/share/man:1\;/opt/bwhpc/common/devel/python/3.8.6_gnu_10.2/share/man:1\;/opt/lmod/lmod/share/man:1;' export '__LMOD_REF_COUNT_MANPATH;' 'MANPATH=/opt/bwhpc/common/compiler/gnu/12.1.0/share/man:/opt/bwhpc/common/mpi/openmpi/4.1.4-gnu-12.1/share/man:/opt/bwhpc/common/devel/python/3.8.6_gnu_10.2/share/man:/opt/lmod/lmod/share/man::;' export 'MANPATH;' 'MODULEPATH=/software/bwhpc/common/modulefiles/Compiler/gnu/12.1:/opt/bwhpc/fr/modulefiles:/opt/bwhpc/common/modulefiles/Core;' export 'MODULEPATH;' 'MPIDIR=/opt/bwhpc/common/mpi/openmpi/4.1.4-gnu-12.1;' export 'MPIDIR;' 'MPI_BIN_DIR=/opt/bwhpc/common/mpi/openmpi/4.1.4-gnu-12.1/bin;' export 'MPI_BIN_DIR;' 'MPI_EXA_DIR=/opt/bwhpc/common/mpi/openmpi/4.1.4-gnu-12.1/examples;' export 'MPI_EXA_DIR;' 'MPI_HOME=/opt/bwhpc/common/mpi/openmpi/4.1.4-gnu-12.1;' export 'MPI_HOME;' 'MPI_INC_DIR=/opt/bwhpc/common/mpi/openmpi/4.1.4-gnu-12.1/include;' export 'MPI_INC_DIR;' 'MPI_LIB_DIR=/opt/bwhpc/common/mpi/openmpi/4.1.4-gnu-12.1/lib64;' export 'MPI_LIB_DIR;' 'MPI_MAN_DIR=/opt/bwhpc/common/mpi/openmpi/4.1.4-gnu-12.1/share/man;' export 'MPI_MAN_DIR;' 'MPI_VERSION=4.1.4-gnu-12.1;' export 'MPI_VERSION;' '__LMOD_REF_COUNT_PATH=/opt/bwhpc/common/compiler/gnu/12.1.0/bin:1\;/opt/bwhpc/common/mpi/openmpi/4.1.4-gnu-12.1/bin:1\;/opt/bwhpc/common/devel/python/3.8.6_gnu_10.2/lib/python3.8/site-packages/bin:1\;/opt/bwhpc/common/devel/python/3.8.6_gnu_10.2/bin:1\;/opt/bwhpc/common/devel/python/3.8.6_gnu_10.2/python_gnu_packages/bin:1\;/software/all/bin:2\;/pfs/data5/home/fr/fr_fr/fr_jr594/.vscode-server/bin/2ccd690cbff1569e4a83d7c43d45101f817401dc/bin/remote-cli:1\;/opt/bwhpc/common/devel/miniconda3/bin:1\;/opt/bwhpc/common/devel/miniconda3/condabin:1\;/home/fr/fr_fr/fr_jr594/.local/bin:1\;/home/fr/fr_fr/fr_jr594/bin:1\;/usr/share/Modules/bin:1\;/usr/local/bin:1\;/usr/bin:1\;/usr/local/sbin:1\;/usr/sbin:1;' export '__LMOD_REF_COUNT_PATH;' 'PATH=/opt/bwhpc/common/compiler/gnu/12.1.0/bin:/opt/bwhpc/common/mpi/openmpi/4.1.4-gnu-12.1/bin:/opt/bwhpc/common/devel/python/3.8.6_gnu_10.2/lib/python3.8/site-packages/bin:/opt/bwhpc/common/devel/python/3.8.6_gnu_10.2/bin:/opt/bwhpc/common/devel/python/3.8.6_gnu_10.2/python_gnu_packages/bin:/software/all/bin:/pfs/data5/home/fr/fr_fr/fr_jr594/.vscode-server/bin/2ccd690cbff1569e4a83d7c43d45101f817401dc/bin/remote-cli:/opt/bwhpc/common/devel/miniconda3/bin:/opt/bwhpc/common/devel/miniconda3/condabin:/home/fr/fr_fr/fr_jr594/.local/bin:/home/fr/fr_fr/fr_jr594/bin:/usr/share/Modules/bin:/usr/local/bin:/usr/bin:/usr/local/sbin:/usr/sbin;' export 'PATH;' '_LMFILES_=/opt/bwhpc/common/modulefiles/Core/devel/python/3.8.6_gnu_10.2.lua:/opt/bwhpc/common/modulefiles/Core/compiler/gnu/12.1.lua:/software/bwhpc/common/modulefiles/Compiler/gnu/12.1/mpi/openmpi/4.1.lua;' export '_LMFILES_;' '_ModuleTable001_=X01vZHVsZVRhYmxlXyA9IHsKTVR2ZXJzaW9uID0gMywKY19yZWJ1aWxkVGltZSA9IGZhbHNlLApjX3Nob3J0VGltZSA9IGZhbHNlLApkZXB0aFQgPSB7fSwKZmFtaWx5ID0gewpjb21waWxlciA9ICJjb21waWxlci9nbnUiLAp9LAptVCA9IHsKWyJjb21waWxlci9nbnUiXSA9IHsKZm4gPSAiL29wdC9id2hwYy9jb21tb24vbW9kdWxlZmlsZXMvQ29yZS9jb21waWxlci9nbnUvMTIuMS5sdWEiLApmdWxsTmFtZSA9ICJjb21waWxlci9nbnUvMTIuMSIsCmxvYWRPcmRlciA9IDIsCnByb3BUID0ge30sCnN0YWNrRGVwdGggPSAxLApzdGF0dXMgPSAiYWN0aXZlIiwKdXNlck5hbWUgPSAiY29tcGlsZXIvZ251LzEyLjEiLAp3ViA9ICIwMDAwMDAwMTIuMDAwMDAwMDAxLip6ZmluYWwi;' export '_ModuleTable001_;' '_ModuleTable002_=LAp9LApbImRldmVsL3B5dGhvbiJdID0gewpmbiA9ICIvb3B0L2J3aHBjL2NvbW1vbi9tb2R1bGVmaWxlcy9Db3JlL2RldmVsL3B5dGhvbi8zLjguNl9nbnVfMTAuMi5sdWEiLApmdWxsTmFtZSA9ICJkZXZlbC9weXRob24vMy44LjZfZ251XzEwLjIiLApsb2FkT3JkZXIgPSAxLApwcm9wVCA9IHt9LApzdGFja0RlcHRoID0gMCwKc3RhdHVzID0gImFjdGl2ZSIsCnVzZXJOYW1lID0gImRldmVsL3B5dGhvbi8zLjguNl9nbnVfMTAuMiIsCndWID0gIjAwMDAwMDAwMy4wMDAwMDAwMDguMDAwMDAwMDA2LipfLipnbnUuKl8uMDAwMDAwMDEwLjAwMDAwMDAwMi4qemZpbmFsIiwKfSwKWyJtcGkvb3Blbm1waSJdID0gewpmbiA9ICIvc29mdHdhcmUvYndocGMvY29tbW9uL21vZHVsZWZp;' export '_ModuleTable002_;' '_ModuleTable003_=bGVzL0NvbXBpbGVyL2dudS8xMi4xL21waS9vcGVubXBpLzQuMS5sdWEiLApmdWxsTmFtZSA9ICJtcGkvb3Blbm1waS80LjEiLApsb2FkT3JkZXIgPSAzLApwcm9wVCA9IHt9LApzdGFja0RlcHRoID0gMCwKc3RhdHVzID0gImFjdGl2ZSIsCnVzZXJOYW1lID0gIm1waS9vcGVubXBpLzQuMSIsCndWID0gIjAwMDAwMDAwNC4wMDAwMDAwMDEuKnpmaW5hbCIsCn0sCn0sCm1wYXRoQSA9IHsKIi9zb2Z0d2FyZS9id2hwYy9jb21tb24vbW9kdWxlZmlsZXMvQ29tcGlsZXIvZ251LzEyLjEiCiwgIi9vcHQvYndocGMvZnIvbW9kdWxlZmlsZXMiLCAiL29wdC9id2hwYy9jb21tb24vbW9kdWxlZmlsZXMvQ29yZSIsCn0sCnN5c3RlbUJhc2VNUEFUSCA9ICIvb3B0L2J3aHBjL2ZyL21vZHVs;' export '_ModuleTable003_;' '_ModuleTable004_=ZWZpbGVzOi9vcHQvYndocGMvY29tbW9uL21vZHVsZWZpbGVzL0NvcmUiLAp9Cg==;' export '_ModuleTable004_;' '_ModuleTable_Sz_=4;' export '_ModuleTable_Sz_;'
++ GNU_BIN_DIR=/opt/bwhpc/common/compiler/gnu/12.1.0/bin
++ export GNU_BIN_DIR
++ GNU_HOME=/opt/bwhpc/common/compiler/gnu/12.1.0
++ export GNU_HOME
++ GNU_INC_DIR=/opt/bwhpc/common/compiler/gnu/12.1.0/include
++ export GNU_INC_DIR
++ GNU_LIB_DIR=/opt/bwhpc/common/compiler/gnu/12.1.0/lib64
++ export GNU_LIB_DIR
++ GNU_MAN_DIR=/opt/bwhpc/common/compiler/gnu/12.1.0/share/man
++ export GNU_MAN_DIR
++ GNU_VERSION=12.1.0
++ export GNU_VERSION
++ KIT_FAMILY_COMPILER=compiler/gnu
++ export KIT_FAMILY_COMPILER
++ KIT_FAMILY_COMPILER_VERSION=12.1
++ export KIT_FAMILY_COMPILER_VERSION
++ __LMOD_REF_COUNT_LD_LIBRARY_PATH='/opt/bwhpc/common/compiler/gnu/12.1.0/lib64:1;/opt/bwhpc/common/mpi/openmpi/4.1.4-gnu-12.1/lib64:1;/opt/bwhpc/common/devel/python/3.8.6_gnu_10.2/lib64:1'
++ export __LMOD_REF_COUNT_LD_LIBRARY_PATH
++ LD_LIBRARY_PATH=/opt/bwhpc/common/compiler/gnu/12.1.0/lib64:/opt/bwhpc/common/mpi/openmpi/4.1.4-gnu-12.1/lib64:/opt/bwhpc/common/devel/python/3.8.6_gnu_10.2/lib64
++ export LD_LIBRARY_PATH
++ LMOD_FAMILY_COMPILER=compiler/gnu
++ export LMOD_FAMILY_COMPILER
++ LMOD_FAMILY_COMPILER_VERSION=12.1
++ export LMOD_FAMILY_COMPILER_VERSION
++ LOADEDMODULES=devel/python/3.8.6_gnu_10.2:compiler/gnu/12.1:mpi/openmpi/4.1
++ export LOADEDMODULES
++ __LMOD_REF_COUNT_MANPATH='/opt/bwhpc/common/compiler/gnu/12.1.0/share/man:1;/opt/bwhpc/common/mpi/openmpi/4.1.4-gnu-12.1/share/man:1;/opt/bwhpc/common/devel/python/3.8.6_gnu_10.2/share/man:1;/opt/lmod/lmod/share/man:1'
++ export __LMOD_REF_COUNT_MANPATH
++ MANPATH=/opt/bwhpc/common/compiler/gnu/12.1.0/share/man:/opt/bwhpc/common/mpi/openmpi/4.1.4-gnu-12.1/share/man:/opt/bwhpc/common/devel/python/3.8.6_gnu_10.2/share/man:/opt/lmod/lmod/share/man::
++ export MANPATH
++ MODULEPATH=/software/bwhpc/common/modulefiles/Compiler/gnu/12.1:/opt/bwhpc/fr/modulefiles:/opt/bwhpc/common/modulefiles/Core
++ export MODULEPATH
++ MPIDIR=/opt/bwhpc/common/mpi/openmpi/4.1.4-gnu-12.1
++ export MPIDIR
++ MPI_BIN_DIR=/opt/bwhpc/common/mpi/openmpi/4.1.4-gnu-12.1/bin
++ export MPI_BIN_DIR
++ MPI_EXA_DIR=/opt/bwhpc/common/mpi/openmpi/4.1.4-gnu-12.1/examples
++ export MPI_EXA_DIR
++ MPI_HOME=/opt/bwhpc/common/mpi/openmpi/4.1.4-gnu-12.1
++ export MPI_HOME
++ MPI_INC_DIR=/opt/bwhpc/common/mpi/openmpi/4.1.4-gnu-12.1/include
++ export MPI_INC_DIR
++ MPI_LIB_DIR=/opt/bwhpc/common/mpi/openmpi/4.1.4-gnu-12.1/lib64
++ export MPI_LIB_DIR
++ MPI_MAN_DIR=/opt/bwhpc/common/mpi/openmpi/4.1.4-gnu-12.1/share/man
++ export MPI_MAN_DIR
++ MPI_VERSION=4.1.4-gnu-12.1
++ export MPI_VERSION
++ __LMOD_REF_COUNT_PATH='/opt/bwhpc/common/compiler/gnu/12.1.0/bin:1;/opt/bwhpc/common/mpi/openmpi/4.1.4-gnu-12.1/bin:1;/opt/bwhpc/common/devel/python/3.8.6_gnu_10.2/lib/python3.8/site-packages/bin:1;/opt/bwhpc/common/devel/python/3.8.6_gnu_10.2/bin:1;/opt/bwhpc/common/devel/python/3.8.6_gnu_10.2/python_gnu_packages/bin:1;/software/all/bin:2;/pfs/data5/home/fr/fr_fr/fr_jr594/.vscode-server/bin/2ccd690cbff1569e4a83d7c43d45101f817401dc/bin/remote-cli:1;/opt/bwhpc/common/devel/miniconda3/bin:1;/opt/bwhpc/common/devel/miniconda3/condabin:1;/home/fr/fr_fr/fr_jr594/.local/bin:1;/home/fr/fr_fr/fr_jr594/bin:1;/usr/share/Modules/bin:1;/usr/local/bin:1;/usr/bin:1;/usr/local/sbin:1;/usr/sbin:1'
++ export __LMOD_REF_COUNT_PATH
++ PATH=/opt/bwhpc/common/compiler/gnu/12.1.0/bin:/opt/bwhpc/common/mpi/openmpi/4.1.4-gnu-12.1/bin:/opt/bwhpc/common/devel/python/3.8.6_gnu_10.2/lib/python3.8/site-packages/bin:/opt/bwhpc/common/devel/python/3.8.6_gnu_10.2/bin:/opt/bwhpc/common/devel/python/3.8.6_gnu_10.2/python_gnu_packages/bin:/software/all/bin:/pfs/data5/home/fr/fr_fr/fr_jr594/.vscode-server/bin/2ccd690cbff1569e4a83d7c43d45101f817401dc/bin/remote-cli:/opt/bwhpc/common/devel/miniconda3/bin:/opt/bwhpc/common/devel/miniconda3/condabin:/home/fr/fr_fr/fr_jr594/.local/bin:/home/fr/fr_fr/fr_jr594/bin:/usr/share/Modules/bin:/usr/local/bin:/usr/bin:/usr/local/sbin:/usr/sbin
++ export PATH
++ _LMFILES_=/opt/bwhpc/common/modulefiles/Core/devel/python/3.8.6_gnu_10.2.lua:/opt/bwhpc/common/modulefiles/Core/compiler/gnu/12.1.lua:/software/bwhpc/common/modulefiles/Compiler/gnu/12.1/mpi/openmpi/4.1.lua
++ export _LMFILES_
++ _ModuleTable001_=X01vZHVsZVRhYmxlXyA9IHsKTVR2ZXJzaW9uID0gMywKY19yZWJ1aWxkVGltZSA9IGZhbHNlLApjX3Nob3J0VGltZSA9IGZhbHNlLApkZXB0aFQgPSB7fSwKZmFtaWx5ID0gewpjb21waWxlciA9ICJjb21waWxlci9nbnUiLAp9LAptVCA9IHsKWyJjb21waWxlci9nbnUiXSA9IHsKZm4gPSAiL29wdC9id2hwYy9jb21tb24vbW9kdWxlZmlsZXMvQ29yZS9jb21waWxlci9nbnUvMTIuMS5sdWEiLApmdWxsTmFtZSA9ICJjb21waWxlci9nbnUvMTIuMSIsCmxvYWRPcmRlciA9IDIsCnByb3BUID0ge30sCnN0YWNrRGVwdGggPSAxLApzdGF0dXMgPSAiYWN0aXZlIiwKdXNlck5hbWUgPSAiY29tcGlsZXIvZ251LzEyLjEiLAp3ViA9ICIwMDAwMDAwMTIuMDAwMDAwMDAxLip6ZmluYWwi
++ export _ModuleTable001_
++ _ModuleTable002_=LAp9LApbImRldmVsL3B5dGhvbiJdID0gewpmbiA9ICIvb3B0L2J3aHBjL2NvbW1vbi9tb2R1bGVmaWxlcy9Db3JlL2RldmVsL3B5dGhvbi8zLjguNl9nbnVfMTAuMi5sdWEiLApmdWxsTmFtZSA9ICJkZXZlbC9weXRob24vMy44LjZfZ251XzEwLjIiLApsb2FkT3JkZXIgPSAxLApwcm9wVCA9IHt9LApzdGFja0RlcHRoID0gMCwKc3RhdHVzID0gImFjdGl2ZSIsCnVzZXJOYW1lID0gImRldmVsL3B5dGhvbi8zLjguNl9nbnVfMTAuMiIsCndWID0gIjAwMDAwMDAwMy4wMDAwMDAwMDguMDAwMDAwMDA2LipfLipnbnUuKl8uMDAwMDAwMDEwLjAwMDAwMDAwMi4qemZpbmFsIiwKfSwKWyJtcGkvb3Blbm1waSJdID0gewpmbiA9ICIvc29mdHdhcmUvYndocGMvY29tbW9uL21vZHVsZWZp
++ export _ModuleTable002_
++ _ModuleTable003_=bGVzL0NvbXBpbGVyL2dudS8xMi4xL21waS9vcGVubXBpLzQuMS5sdWEiLApmdWxsTmFtZSA9ICJtcGkvb3Blbm1waS80LjEiLApsb2FkT3JkZXIgPSAzLApwcm9wVCA9IHt9LApzdGFja0RlcHRoID0gMCwKc3RhdHVzID0gImFjdGl2ZSIsCnVzZXJOYW1lID0gIm1waS9vcGVubXBpLzQuMSIsCndWID0gIjAwMDAwMDAwNC4wMDAwMDAwMDEuKnpmaW5hbCIsCn0sCn0sCm1wYXRoQSA9IHsKIi9zb2Z0d2FyZS9id2hwYy9jb21tb24vbW9kdWxlZmlsZXMvQ29tcGlsZXIvZ251LzEyLjEiCiwgIi9vcHQvYndocGMvZnIvbW9kdWxlZmlsZXMiLCAiL29wdC9id2hwYy9jb21tb24vbW9kdWxlZmlsZXMvQ29yZSIsCn0sCnN5c3RlbUJhc2VNUEFUSCA9ICIvb3B0L2J3aHBjL2ZyL21vZHVs
++ export _ModuleTable003_
++ _ModuleTable004_=ZWZpbGVzOi9vcHQvYndocGMvY29tbW9uL21vZHVsZWZpbGVzL0NvcmUiLAp9Cg==
++ export _ModuleTable004_
++ _ModuleTable_Sz_=4
++ export _ModuleTable_Sz_
+ module load devel/miniconda
++ /opt/bwhpc/common/admin/modules/module-wrapper/modulecmd bash load devel/miniconda
+ eval 'CONDA_EXE=/opt/bwhpc/common/devel/miniconda3/bin/conda;' export 'CONDA_EXE;' 'CONDA_PYTHON_EXE=/opt/bwhpc/common/devel/miniconda3/bin/python;' export 'CONDA_PYTHON_EXE;' 'CONDA_SHLVL=0;' export 'CONDA_SHLVL;' 'LOADEDMODULES=devel/python/3.8.6_gnu_10.2:compiler/gnu/12.1:mpi/openmpi/4.1:devel/miniconda/4.9.2;' export 'LOADEDMODULES;' 'MODULEPATH=/software/bwhpc/common/modulefiles/Compiler/gnu/12.1:/opt/bwhpc/fr/modulefiles:/opt/bwhpc/common/modulefiles/Core;' export 'MODULEPATH;' '__LMOD_REF_COUNT_PATH=/opt/bwhpc/common/devel/miniconda3/condabin:2\;/opt/bwhpc/common/devel/miniconda3/bin:2\;/opt/bwhpc/common/compiler/gnu/12.1.0/bin:1\;/opt/bwhpc/common/mpi/openmpi/4.1.4-gnu-12.1/bin:1\;/opt/bwhpc/common/devel/python/3.8.6_gnu_10.2/lib/python3.8/site-packages/bin:1\;/opt/bwhpc/common/devel/python/3.8.6_gnu_10.2/bin:1\;/opt/bwhpc/common/devel/python/3.8.6_gnu_10.2/python_gnu_packages/bin:1\;/software/all/bin:2\;/pfs/data5/home/fr/fr_fr/fr_jr594/.vscode-server/bin/2ccd690cbff1569e4a83d7c43d45101f817401dc/bin/remote-cli:1\;/home/fr/fr_fr/fr_jr594/.local/bin:1\;/home/fr/fr_fr/fr_jr594/bin:1\;/usr/share/Modules/bin:1\;/usr/local/bin:1\;/usr/bin:1\;/usr/local/sbin:1\;/usr/sbin:1;' export '__LMOD_REF_COUNT_PATH;' 'PATH=/opt/bwhpc/common/devel/miniconda3/condabin:/opt/bwhpc/common/devel/miniconda3/bin:/opt/bwhpc/common/compiler/gnu/12.1.0/bin:/opt/bwhpc/common/mpi/openmpi/4.1.4-gnu-12.1/bin:/opt/bwhpc/common/devel/python/3.8.6_gnu_10.2/lib/python3.8/site-packages/bin:/opt/bwhpc/common/devel/python/3.8.6_gnu_10.2/bin:/opt/bwhpc/common/devel/python/3.8.6_gnu_10.2/python_gnu_packages/bin:/software/all/bin:/pfs/data5/home/fr/fr_fr/fr_jr594/.vscode-server/bin/2ccd690cbff1569e4a83d7c43d45101f817401dc/bin/remote-cli:/home/fr/fr_fr/fr_jr594/.local/bin:/home/fr/fr_fr/fr_jr594/bin:/usr/share/Modules/bin:/usr/local/bin:/usr/bin:/usr/local/sbin:/usr/sbin;' export 'PATH;' '_CE_CONDA=;' export '_CE_CONDA;' '_CE_M=;' export '_CE_M;' '_CONDA_ROOT=/opt/bwhpc/common/devel/miniconda3;' export '_CONDA_ROOT;' '_CONDA_SHELL_FLAVOR=bash;' export '_CONDA_SHELL_FLAVOR;' '_LMFILES_=/opt/bwhpc/common/modulefiles/Core/devel/python/3.8.6_gnu_10.2.lua:/opt/bwhpc/common/modulefiles/Core/compiler/gnu/12.1.lua:/software/bwhpc/common/modulefiles/Compiler/gnu/12.1/mpi/openmpi/4.1.lua:/opt/bwhpc/common/modulefiles/Core/devel/miniconda/4.9.2;' export '_LMFILES_;' '_ModuleTable001_=X01vZHVsZVRhYmxlXyA9IHsKTVR2ZXJzaW9uID0gMywKY19yZWJ1aWxkVGltZSA9IGZhbHNlLApjX3Nob3J0VGltZSA9IGZhbHNlLApkZXB0aFQgPSB7fSwKZmFtaWx5ID0gewpjb21waWxlciA9ICJjb21waWxlci9nbnUiLAp9LAptVCA9IHsKWyJjb21waWxlci9nbnUiXSA9IHsKZm4gPSAiL29wdC9id2hwYy9jb21tb24vbW9kdWxlZmlsZXMvQ29yZS9jb21waWxlci9nbnUvMTIuMS5sdWEiLApmdWxsTmFtZSA9ICJjb21waWxlci9nbnUvMTIuMSIsCmxvYWRPcmRlciA9IDIsCnByb3BUID0ge30sCnN0YWNrRGVwdGggPSAxLApzdGF0dXMgPSAiYWN0aXZlIiwKdXNlck5hbWUgPSAiY29tcGlsZXIvZ251LzEyLjEiLAp3ViA9ICIwMDAwMDAwMTIuMDAwMDAwMDAxLip6ZmluYWwi;' export '_ModuleTable001_;' '_ModuleTable002_=LAp9LApbImRldmVsL21pbmljb25kYSJdID0gewpmbiA9ICIvb3B0L2J3aHBjL2NvbW1vbi9tb2R1bGVmaWxlcy9Db3JlL2RldmVsL21pbmljb25kYS80LjkuMiIsCmZ1bGxOYW1lID0gImRldmVsL21pbmljb25kYS80LjkuMiIsCmxvYWRPcmRlciA9IDQsCnByb3BUID0ge30sCnN0YWNrRGVwdGggPSAwLApzdGF0dXMgPSAiYWN0aXZlIiwKdXNlck5hbWUgPSAiZGV2ZWwvbWluaWNvbmRhIiwKd1YgPSAiMDAwMDAwMDA0LjAwMDAwMDAwOS4wMDAwMDAwMDIuKnpmaW5hbCIsCn0sClsiZGV2ZWwvcHl0aG9uIl0gPSB7CmZuID0gIi9vcHQvYndocGMvY29tbW9uL21vZHVsZWZpbGVzL0NvcmUvZGV2ZWwvcHl0aG9uLzMuOC42X2dudV8xMC4yLmx1YSIsCmZ1bGxOYW1lID0gImRldmVs;' export '_ModuleTable002_;' '_ModuleTable003_=L3B5dGhvbi8zLjguNl9nbnVfMTAuMiIsCmxvYWRPcmRlciA9IDEsCnByb3BUID0ge30sCnN0YWNrRGVwdGggPSAwLApzdGF0dXMgPSAiYWN0aXZlIiwKdXNlck5hbWUgPSAiZGV2ZWwvcHl0aG9uLzMuOC42X2dudV8xMC4yIiwKd1YgPSAiMDAwMDAwMDAzLjAwMDAwMDAwOC4wMDAwMDAwMDYuKl8uKmdudS4qXy4wMDAwMDAwMTAuMDAwMDAwMDAyLip6ZmluYWwiLAp9LApbIm1waS9vcGVubXBpIl0gPSB7CmZuID0gIi9zb2Z0d2FyZS9id2hwYy9jb21tb24vbW9kdWxlZmlsZXMvQ29tcGlsZXIvZ251LzEyLjEvbXBpL29wZW5tcGkvNC4xLmx1YSIsCmZ1bGxOYW1lID0gIm1waS9vcGVubXBpLzQuMSIsCmxvYWRPcmRlciA9IDMsCnByb3BUID0ge30sCnN0YWNrRGVwdGggPSAwLApz;' export '_ModuleTable003_;' '_ModuleTable004_=dGF0dXMgPSAiYWN0aXZlIiwKdXNlck5hbWUgPSAibXBpL29wZW5tcGkvNC4xIiwKd1YgPSAiMDAwMDAwMDA0LjAwMDAwMDAwMS4qemZpbmFsIiwKfSwKfSwKbXBhdGhBID0gewoiL3NvZnR3YXJlL2J3aHBjL2NvbW1vbi9tb2R1bGVmaWxlcy9Db21waWxlci9nbnUvMTIuMSIKLCAiL29wdC9id2hwYy9mci9tb2R1bGVmaWxlcyIsICIvb3B0L2J3aHBjL2NvbW1vbi9tb2R1bGVmaWxlcy9Db3JlIiwKfSwKc3lzdGVtQmFzZU1QQVRIID0gIi9vcHQvYndocGMvZnIvbW9kdWxlZmlsZXM6L29wdC9id2hwYy9jb21tb24vbW9kdWxlZmlsZXMvQ29yZSIsCn0K;' export '_ModuleTable004_;' '_ModuleTable_Sz_=4;' export '_ModuleTable_Sz_;'
++ CONDA_EXE=/opt/bwhpc/common/devel/miniconda3/bin/conda
++ export CONDA_EXE
++ CONDA_PYTHON_EXE=/opt/bwhpc/common/devel/miniconda3/bin/python
++ export CONDA_PYTHON_EXE
++ CONDA_SHLVL=0
++ export CONDA_SHLVL
++ LOADEDMODULES=devel/python/3.8.6_gnu_10.2:compiler/gnu/12.1:mpi/openmpi/4.1:devel/miniconda/4.9.2
++ export LOADEDMODULES
++ MODULEPATH=/software/bwhpc/common/modulefiles/Compiler/gnu/12.1:/opt/bwhpc/fr/modulefiles:/opt/bwhpc/common/modulefiles/Core
++ export MODULEPATH
++ __LMOD_REF_COUNT_PATH='/opt/bwhpc/common/devel/miniconda3/condabin:2;/opt/bwhpc/common/devel/miniconda3/bin:2;/opt/bwhpc/common/compiler/gnu/12.1.0/bin:1;/opt/bwhpc/common/mpi/openmpi/4.1.4-gnu-12.1/bin:1;/opt/bwhpc/common/devel/python/3.8.6_gnu_10.2/lib/python3.8/site-packages/bin:1;/opt/bwhpc/common/devel/python/3.8.6_gnu_10.2/bin:1;/opt/bwhpc/common/devel/python/3.8.6_gnu_10.2/python_gnu_packages/bin:1;/software/all/bin:2;/pfs/data5/home/fr/fr_fr/fr_jr594/.vscode-server/bin/2ccd690cbff1569e4a83d7c43d45101f817401dc/bin/remote-cli:1;/home/fr/fr_fr/fr_jr594/.local/bin:1;/home/fr/fr_fr/fr_jr594/bin:1;/usr/share/Modules/bin:1;/usr/local/bin:1;/usr/bin:1;/usr/local/sbin:1;/usr/sbin:1'
++ export __LMOD_REF_COUNT_PATH
++ PATH=/opt/bwhpc/common/devel/miniconda3/condabin:/opt/bwhpc/common/devel/miniconda3/bin:/opt/bwhpc/common/compiler/gnu/12.1.0/bin:/opt/bwhpc/common/mpi/openmpi/4.1.4-gnu-12.1/bin:/opt/bwhpc/common/devel/python/3.8.6_gnu_10.2/lib/python3.8/site-packages/bin:/opt/bwhpc/common/devel/python/3.8.6_gnu_10.2/bin:/opt/bwhpc/common/devel/python/3.8.6_gnu_10.2/python_gnu_packages/bin:/software/all/bin:/pfs/data5/home/fr/fr_fr/fr_jr594/.vscode-server/bin/2ccd690cbff1569e4a83d7c43d45101f817401dc/bin/remote-cli:/home/fr/fr_fr/fr_jr594/.local/bin:/home/fr/fr_fr/fr_jr594/bin:/usr/share/Modules/bin:/usr/local/bin:/usr/bin:/usr/local/sbin:/usr/sbin
++ export PATH
++ _CE_CONDA=
++ export _CE_CONDA
++ _CE_M=
++ export _CE_M
++ _CONDA_ROOT=/opt/bwhpc/common/devel/miniconda3
++ export _CONDA_ROOT
++ _CONDA_SHELL_FLAVOR=bash
++ export _CONDA_SHELL_FLAVOR
++ _LMFILES_=/opt/bwhpc/common/modulefiles/Core/devel/python/3.8.6_gnu_10.2.lua:/opt/bwhpc/common/modulefiles/Core/compiler/gnu/12.1.lua:/software/bwhpc/common/modulefiles/Compiler/gnu/12.1/mpi/openmpi/4.1.lua:/opt/bwhpc/common/modulefiles/Core/devel/miniconda/4.9.2
++ export _LMFILES_
++ _ModuleTable001_=X01vZHVsZVRhYmxlXyA9IHsKTVR2ZXJzaW9uID0gMywKY19yZWJ1aWxkVGltZSA9IGZhbHNlLApjX3Nob3J0VGltZSA9IGZhbHNlLApkZXB0aFQgPSB7fSwKZmFtaWx5ID0gewpjb21waWxlciA9ICJjb21waWxlci9nbnUiLAp9LAptVCA9IHsKWyJjb21waWxlci9nbnUiXSA9IHsKZm4gPSAiL29wdC9id2hwYy9jb21tb24vbW9kdWxlZmlsZXMvQ29yZS9jb21waWxlci9nbnUvMTIuMS5sdWEiLApmdWxsTmFtZSA9ICJjb21waWxlci9nbnUvMTIuMSIsCmxvYWRPcmRlciA9IDIsCnByb3BUID0ge30sCnN0YWNrRGVwdGggPSAxLApzdGF0dXMgPSAiYWN0aXZlIiwKdXNlck5hbWUgPSAiY29tcGlsZXIvZ251LzEyLjEiLAp3ViA9ICIwMDAwMDAwMTIuMDAwMDAwMDAxLip6ZmluYWwi
++ export _ModuleTable001_
++ _ModuleTable002_=LAp9LApbImRldmVsL21pbmljb25kYSJdID0gewpmbiA9ICIvb3B0L2J3aHBjL2NvbW1vbi9tb2R1bGVmaWxlcy9Db3JlL2RldmVsL21pbmljb25kYS80LjkuMiIsCmZ1bGxOYW1lID0gImRldmVsL21pbmljb25kYS80LjkuMiIsCmxvYWRPcmRlciA9IDQsCnByb3BUID0ge30sCnN0YWNrRGVwdGggPSAwLApzdGF0dXMgPSAiYWN0aXZlIiwKdXNlck5hbWUgPSAiZGV2ZWwvbWluaWNvbmRhIiwKd1YgPSAiMDAwMDAwMDA0LjAwMDAwMDAwOS4wMDAwMDAwMDIuKnpmaW5hbCIsCn0sClsiZGV2ZWwvcHl0aG9uIl0gPSB7CmZuID0gIi9vcHQvYndocGMvY29tbW9uL21vZHVsZWZpbGVzL0NvcmUvZGV2ZWwvcHl0aG9uLzMuOC42X2dudV8xMC4yLmx1YSIsCmZ1bGxOYW1lID0gImRldmVs
++ export _ModuleTable002_
++ _ModuleTable003_=L3B5dGhvbi8zLjguNl9nbnVfMTAuMiIsCmxvYWRPcmRlciA9IDEsCnByb3BUID0ge30sCnN0YWNrRGVwdGggPSAwLApzdGF0dXMgPSAiYWN0aXZlIiwKdXNlck5hbWUgPSAiZGV2ZWwvcHl0aG9uLzMuOC42X2dudV8xMC4yIiwKd1YgPSAiMDAwMDAwMDAzLjAwMDAwMDAwOC4wMDAwMDAwMDYuKl8uKmdudS4qXy4wMDAwMDAwMTAuMDAwMDAwMDAyLip6ZmluYWwiLAp9LApbIm1waS9vcGVubXBpIl0gPSB7CmZuID0gIi9zb2Z0d2FyZS9id2hwYy9jb21tb24vbW9kdWxlZmlsZXMvQ29tcGlsZXIvZ251LzEyLjEvbXBpL29wZW5tcGkvNC4xLmx1YSIsCmZ1bGxOYW1lID0gIm1waS9vcGVubXBpLzQuMSIsCmxvYWRPcmRlciA9IDMsCnByb3BUID0ge30sCnN0YWNrRGVwdGggPSAwLApz
++ export _ModuleTable003_
++ _ModuleTable004_=dGF0dXMgPSAiYWN0aXZlIiwKdXNlck5hbWUgPSAibXBpL29wZW5tcGkvNC4xIiwKd1YgPSAiMDAwMDAwMDA0LjAwMDAwMDAwMS4qemZpbmFsIiwKfSwKfSwKbXBhdGhBID0gewoiL3NvZnR3YXJlL2J3aHBjL2NvbW1vbi9tb2R1bGVmaWxlcy9Db21waWxlci9nbnUvMTIuMSIKLCAiL29wdC9id2hwYy9mci9tb2R1bGVmaWxlcyIsICIvb3B0L2J3aHBjL2NvbW1vbi9tb2R1bGVmaWxlcy9Db3JlIiwKfSwKc3lzdGVtQmFzZU1QQVRIID0gIi9vcHQvYndocGMvZnIvbW9kdWxlZmlsZXM6L29wdC9id2hwYy9jb21tb24vbW9kdWxlZmlsZXMvQ29yZSIsCn0K
++ export _ModuleTable004_
++ _ModuleTable_Sz_=4
++ export _ModuleTable_Sz_
+ source activate hpc
++ _CONDA_ROOT=/opt/bwhpc/common/devel/miniconda3
++ . /opt/bwhpc/common/devel/miniconda3/etc/profile.d/conda.sh
+++ export CONDA_EXE=/opt/bwhpc/common/devel/miniconda3/bin/conda
+++ CONDA_EXE=/opt/bwhpc/common/devel/miniconda3/bin/conda
+++ export _CE_M=
+++ _CE_M=
+++ export _CE_CONDA=
+++ _CE_CONDA=
+++ export CONDA_PYTHON_EXE=/opt/bwhpc/common/devel/miniconda3/bin/python
+++ CONDA_PYTHON_EXE=/opt/bwhpc/common/devel/miniconda3/bin/python
+++ '[' -z x ']'
++ conda activate hpc
++ '[' 2 -lt 1 ']'
++ local cmd=activate
++ shift
++ case "$cmd" in
++ __conda_activate activate hpc
++ '[' -n '' ']'
++ local cmd=activate
++ shift
++ local ask_conda
++ CONDA_INTERNAL_OLDPATH=/opt/bwhpc/common/devel/miniconda3/condabin:/opt/bwhpc/common/devel/miniconda3/bin:/opt/bwhpc/common/compiler/gnu/12.1.0/bin:/opt/bwhpc/common/mpi/openmpi/4.1.4-gnu-12.1/bin:/opt/bwhpc/common/devel/python/3.8.6_gnu_10.2/lib/python3.8/site-packages/bin:/opt/bwhpc/common/devel/python/3.8.6_gnu_10.2/bin:/opt/bwhpc/common/devel/python/3.8.6_gnu_10.2/python_gnu_packages/bin:/software/all/bin:/pfs/data5/home/fr/fr_fr/fr_jr594/.vscode-server/bin/2ccd690cbff1569e4a83d7c43d45101f817401dc/bin/remote-cli:/home/fr/fr_fr/fr_jr594/.local/bin:/home/fr/fr_fr/fr_jr594/bin:/usr/share/Modules/bin:/usr/local/bin:/usr/bin:/usr/local/sbin:/usr/sbin
++ __add_sys_prefix_to_path
++ '[' -n '' ']'
+++ dirname /opt/bwhpc/common/devel/miniconda3/bin/conda
++ SYSP=/opt/bwhpc/common/devel/miniconda3/bin
+++ dirname /opt/bwhpc/common/devel/miniconda3/bin
++ SYSP=/opt/bwhpc/common/devel/miniconda3
++ '[' -n '' ']'
++ PATH=/opt/bwhpc/common/devel/miniconda3/bin:/opt/bwhpc/common/devel/miniconda3/condabin:/opt/bwhpc/common/devel/miniconda3/bin:/opt/bwhpc/common/compiler/gnu/12.1.0/bin:/opt/bwhpc/common/mpi/openmpi/4.1.4-gnu-12.1/bin:/opt/bwhpc/common/devel/python/3.8.6_gnu_10.2/lib/python3.8/site-packages/bin:/opt/bwhpc/common/devel/python/3.8.6_gnu_10.2/bin:/opt/bwhpc/common/devel/python/3.8.6_gnu_10.2/python_gnu_packages/bin:/software/all/bin:/pfs/data5/home/fr/fr_fr/fr_jr594/.vscode-server/bin/2ccd690cbff1569e4a83d7c43d45101f817401dc/bin/remote-cli:/home/fr/fr_fr/fr_jr594/.local/bin:/home/fr/fr_fr/fr_jr594/bin:/usr/share/Modules/bin:/usr/local/bin:/usr/bin:/usr/local/sbin:/usr/sbin
++ export PATH
+++ PS1=
+++ /opt/bwhpc/common/devel/miniconda3/bin/conda shell.posix activate hpc
++ ask_conda='PS1='\''(hpc) '\''
export PATH='\''/home/fr/fr_fr/fr_jr594/.conda/envs/hpc/bin:/opt/bwhpc/common/devel/miniconda3/condabin:/opt/bwhpc/common/devel/miniconda3/bin:/opt/bwhpc/common/compiler/gnu/12.1.0/bin:/opt/bwhpc/common/mpi/openmpi/4.1.4-gnu-12.1/bin:/opt/bwhpc/common/devel/python/3.8.6_gnu_10.2/lib/python3.8/site-packages/bin:/opt/bwhpc/common/devel/python/3.8.6_gnu_10.2/bin:/opt/bwhpc/common/devel/python/3.8.6_gnu_10.2/python_gnu_packages/bin:/software/all/bin:/pfs/data5/home/fr/fr_fr/fr_jr594/.vscode-server/bin/2ccd690cbff1569e4a83d7c43d45101f817401dc/bin/remote-cli:/home/fr/fr_fr/fr_jr594/.local/bin:/home/fr/fr_fr/fr_jr594/bin:/usr/share/Modules/bin:/usr/local/bin:/usr/bin:/usr/local/sbin:/usr/sbin'\''
export CONDA_PREFIX='\''/home/fr/fr_fr/fr_jr594/.conda/envs/hpc'\''
export CONDA_SHLVL='\''1'\''
export CONDA_DEFAULT_ENV='\''hpc'\''
export CONDA_PROMPT_MODIFIER='\''(hpc) '\''
export CONDA_EXE='\''/opt/bwhpc/common/devel/miniconda3/bin/conda'\''
export _CE_M='\'''\''
export _CE_CONDA='\'''\''
export CONDA_PYTHON_EXE='\''/opt/bwhpc/common/devel/miniconda3/bin/python'\'''
++ rc=0
++ PATH=/opt/bwhpc/common/devel/miniconda3/condabin:/opt/bwhpc/common/devel/miniconda3/bin:/opt/bwhpc/common/compiler/gnu/12.1.0/bin:/opt/bwhpc/common/mpi/openmpi/4.1.4-gnu-12.1/bin:/opt/bwhpc/common/devel/python/3.8.6_gnu_10.2/lib/python3.8/site-packages/bin:/opt/bwhpc/common/devel/python/3.8.6_gnu_10.2/bin:/opt/bwhpc/common/devel/python/3.8.6_gnu_10.2/python_gnu_packages/bin:/software/all/bin:/pfs/data5/home/fr/fr_fr/fr_jr594/.vscode-server/bin/2ccd690cbff1569e4a83d7c43d45101f817401dc/bin/remote-cli:/home/fr/fr_fr/fr_jr594/.local/bin:/home/fr/fr_fr/fr_jr594/bin:/usr/share/Modules/bin:/usr/local/bin:/usr/bin:/usr/local/sbin:/usr/sbin
++ eval 'PS1='\''(hpc) '\''
export PATH='\''/home/fr/fr_fr/fr_jr594/.conda/envs/hpc/bin:/opt/bwhpc/common/devel/miniconda3/condabin:/opt/bwhpc/common/devel/miniconda3/bin:/opt/bwhpc/common/compiler/gnu/12.1.0/bin:/opt/bwhpc/common/mpi/openmpi/4.1.4-gnu-12.1/bin:/opt/bwhpc/common/devel/python/3.8.6_gnu_10.2/lib/python3.8/site-packages/bin:/opt/bwhpc/common/devel/python/3.8.6_gnu_10.2/bin:/opt/bwhpc/common/devel/python/3.8.6_gnu_10.2/python_gnu_packages/bin:/software/all/bin:/pfs/data5/home/fr/fr_fr/fr_jr594/.vscode-server/bin/2ccd690cbff1569e4a83d7c43d45101f817401dc/bin/remote-cli:/home/fr/fr_fr/fr_jr594/.local/bin:/home/fr/fr_fr/fr_jr594/bin:/usr/share/Modules/bin:/usr/local/bin:/usr/bin:/usr/local/sbin:/usr/sbin'\''
export CONDA_PREFIX='\''/home/fr/fr_fr/fr_jr594/.conda/envs/hpc'\''
export CONDA_SHLVL='\''1'\''
export CONDA_DEFAULT_ENV='\''hpc'\''
export CONDA_PROMPT_MODIFIER='\''(hpc) '\''
export CONDA_EXE='\''/opt/bwhpc/common/devel/miniconda3/bin/conda'\''
export _CE_M='\'''\''
export _CE_CONDA='\'''\''
export CONDA_PYTHON_EXE='\''/opt/bwhpc/common/devel/miniconda3/bin/python'\'''
+++ PS1='(hpc) '
+++ export PATH=/home/fr/fr_fr/fr_jr594/.conda/envs/hpc/bin:/opt/bwhpc/common/devel/miniconda3/condabin:/opt/bwhpc/common/devel/miniconda3/bin:/opt/bwhpc/common/compiler/gnu/12.1.0/bin:/opt/bwhpc/common/mpi/openmpi/4.1.4-gnu-12.1/bin:/opt/bwhpc/common/devel/python/3.8.6_gnu_10.2/lib/python3.8/site-packages/bin:/opt/bwhpc/common/devel/python/3.8.6_gnu_10.2/bin:/opt/bwhpc/common/devel/python/3.8.6_gnu_10.2/python_gnu_packages/bin:/software/all/bin:/pfs/data5/home/fr/fr_fr/fr_jr594/.vscode-server/bin/2ccd690cbff1569e4a83d7c43d45101f817401dc/bin/remote-cli:/home/fr/fr_fr/fr_jr594/.local/bin:/home/fr/fr_fr/fr_jr594/bin:/usr/share/Modules/bin:/usr/local/bin:/usr/bin:/usr/local/sbin:/usr/sbin
+++ PATH=/home/fr/fr_fr/fr_jr594/.conda/envs/hpc/bin:/opt/bwhpc/common/devel/miniconda3/condabin:/opt/bwhpc/common/devel/miniconda3/bin:/opt/bwhpc/common/compiler/gnu/12.1.0/bin:/opt/bwhpc/common/mpi/openmpi/4.1.4-gnu-12.1/bin:/opt/bwhpc/common/devel/python/3.8.6_gnu_10.2/lib/python3.8/site-packages/bin:/opt/bwhpc/common/devel/python/3.8.6_gnu_10.2/bin:/opt/bwhpc/common/devel/python/3.8.6_gnu_10.2/python_gnu_packages/bin:/software/all/bin:/pfs/data5/home/fr/fr_fr/fr_jr594/.vscode-server/bin/2ccd690cbff1569e4a83d7c43d45101f817401dc/bin/remote-cli:/home/fr/fr_fr/fr_jr594/.local/bin:/home/fr/fr_fr/fr_jr594/bin:/usr/share/Modules/bin:/usr/local/bin:/usr/bin:/usr/local/sbin:/usr/sbin
+++ export CONDA_PREFIX=/home/fr/fr_fr/fr_jr594/.conda/envs/hpc
+++ CONDA_PREFIX=/home/fr/fr_fr/fr_jr594/.conda/envs/hpc
+++ export CONDA_SHLVL=1
+++ CONDA_SHLVL=1
+++ export CONDA_DEFAULT_ENV=hpc
+++ CONDA_DEFAULT_ENV=hpc
+++ export 'CONDA_PROMPT_MODIFIER=(hpc) '
+++ CONDA_PROMPT_MODIFIER='(hpc) '
+++ export CONDA_EXE=/opt/bwhpc/common/devel/miniconda3/bin/conda
+++ CONDA_EXE=/opt/bwhpc/common/devel/miniconda3/bin/conda
+++ export _CE_M=
+++ _CE_M=
+++ export _CE_CONDA=
+++ _CE_CONDA=
+++ export CONDA_PYTHON_EXE=/opt/bwhpc/common/devel/miniconda3/bin/python
+++ CONDA_PYTHON_EXE=/opt/bwhpc/common/devel/miniconda3/bin/python
++ '[' 0 '!=' 0 ']'
++ __conda_hashr
++ '[' -n '' ']'
++ '[' -n '' ']'
++ hash -r
+ NP=1
+ echo 'Running on 1 nodes with 80 cores each.'
Running on 1 nodes with 80 cores each.
+ echo 'Each node has 10240 of memory allocated to this job.'
Each node has 10240 of memory allocated to this job.
+ mpirun -np 1 python Simulation.py
t=:   0%|          | 0/1000 [00:00<?, ?it/s]t=:   0%|          | 4/1000 [00:00<00:25, 38.32it/s]t=:   1%|          | 9/1000 [00:00<00:23, 42.88it/s]t=:   1%|▏         | 14/1000 [00:00<00:22, 44.40it/s]t=:   2%|▏         | 19/1000 [00:00<00:21, 45.00it/s]t=:   2%|▏         | 24/1000 [00:00<00:21, 45.41it/s]t=:   3%|▎         | 29/1000 [00:00<00:21, 45.59it/s]t=:   3%|▎         | 34/1000 [00:00<00:21, 45.79it/s]t=:   4%|▍         | 39/1000 [00:00<00:21, 45.76it/s]t=:   4%|▍         | 44/1000 [00:00<00:20, 45.88it/s]t=:   5%|▍         | 49/1000 [00:01<00:20, 45.99it/s]t=:   5%|▌         | 54/1000 [00:01<00:20, 45.94it/s]t=:   6%|▌         | 59/1000 [00:01<00:20, 46.08it/s]t=:   6%|▋         | 64/1000 [00:01<00:20, 46.02it/s]t=:   7%|▋         | 69/1000 [00:01<00:20, 46.02it/s]t=:   7%|▋         | 74/1000 [00:01<00:20, 46.04it/s]t=:   8%|▊         | 79/1000 [00:01<00:19, 46.11it/s]t=:   8%|▊         | 84/1000 [00:01<00:19, 46.06it/s]t=:   9%|▉         | 89/1000 [00:01<00:19, 46.06it/s]t=:   9%|▉         | 94/1000 [00:02<00:19, 46.11it/s]t=:  10%|▉         | 99/1000 [00:02<00:19, 46.01it/s]t=:  10%|█         | 104/1000 [00:02<00:19, 46.11it/s]t=:  11%|█         | 109/1000 [00:02<00:19, 46.06it/s]t=:  11%|█▏        | 114/1000 [00:02<00:19, 46.17it/s]t=:  12%|█▏        | 119/1000 [00:02<00:19, 46.07it/s]t=:  12%|█▏        | 124/1000 [00:02<00:19, 46.09it/s]t=:  13%|█▎        | 129/1000 [00:02<00:18, 46.02it/s]t=:  13%|█▎        | 134/1000 [00:02<00:18, 46.10it/s]t=:  14%|█▍        | 139/1000 [00:03<00:18, 46.06it/s]t=:  14%|█▍        | 144/1000 [00:03<00:18, 46.00it/s]t=:  15%|█▍        | 149/1000 [00:03<00:18, 46.04it/s]t=:  15%|█▌        | 154/1000 [00:03<00:18, 46.02it/s]t=:  16%|█▌        | 159/1000 [00:03<00:18, 45.93it/s]t=:  16%|█▋        | 164/1000 [00:03<00:18, 45.96it/s]t=:  17%|█▋        | 169/1000 [00:03<00:18, 46.01it/s]t=:  17%|█▋        | 174/1000 [00:03<00:17, 46.01it/s]t=:  18%|█▊        | 179/1000 [00:03<00:17, 46.07it/s]t=:  18%|█▊        | 184/1000 [00:04<00:17, 46.08it/s]t=:  19%|█▉        | 189/1000 [00:04<00:17, 45.76it/s]t=:  19%|█▉        | 194/1000 [00:04<00:17, 45.92it/s]t=:  20%|█▉        | 199/1000 [00:04<00:17, 45.93it/s]t=:  20%|██        | 204/1000 [00:04<00:17, 46.07it/s]t=:  21%|██        | 209/1000 [00:04<00:17, 46.06it/s]t=:  21%|██▏       | 214/1000 [00:04<00:17, 46.14it/s]t=:  22%|██▏       | 219/1000 [00:04<00:16, 46.13it/s]t=:  22%|██▏       | 224/1000 [00:04<00:16, 46.13it/s]t=:  23%|██▎       | 229/1000 [00:04<00:16, 46.09it/s]t=:  23%|██▎       | 234/1000 [00:05<00:16, 46.14it/s]t=:  24%|██▍       | 239/1000 [00:05<00:16, 46.11it/s]t=:  24%|██▍       | 244/1000 [00:05<00:16, 46.10it/s]t=:  25%|██▍       | 249/1000 [00:05<00:16, 46.15it/s]t=:  25%|██▌       | 254/1000 [00:05<00:16, 46.10it/s]t=:  26%|██▌       | 259/1000 [00:05<00:16, 46.16it/s]t=:  26%|██▋       | 264/1000 [00:05<00:15, 46.13it/s]t=:  27%|██▋       | 269/1000 [00:05<00:15, 46.11it/s]t=:  27%|██▋       | 274/1000 [00:05<00:15, 46.12it/s]t=:  28%|██▊       | 279/1000 [00:06<00:15, 46.14it/s]t=:  28%|██▊       | 284/1000 [00:06<00:15, 45.93it/s]t=:  29%|██▉       | 289/1000 [00:06<00:15, 45.95it/s]t=:  29%|██▉       | 294/1000 [00:06<00:15, 46.03it/s]t=:  30%|██▉       | 299/1000 [00:06<00:15, 46.05it/s]t=:  30%|███       | 304/1000 [00:06<00:15, 46.08it/s]t=:  31%|███       | 309/1000 [00:06<00:14, 46.07it/s]t=:  31%|███▏      | 314/1000 [00:06<00:14, 46.07it/s]t=:  32%|███▏      | 319/1000 [00:06<00:14, 46.11it/s]t=:  32%|███▏      | 324/1000 [00:07<00:14, 46.18it/s]t=:  33%|███▎      | 329/1000 [00:07<00:14, 46.12it/s]t=:  33%|███▎      | 334/1000 [00:07<00:14, 46.14it/s]t=:  34%|███▍      | 339/1000 [00:07<00:14, 46.07it/s]t=:  34%|███▍      | 344/1000 [00:07<00:14, 46.01it/s]t=:  35%|███▍      | 349/1000 [00:07<00:14, 46.05it/s]t=:  35%|███▌      | 354/1000 [00:07<00:14, 45.99it/s]t=:  36%|███▌      | 359/1000 [00:07<00:13, 46.02it/s]t=:  36%|███▋      | 364/1000 [00:07<00:13, 46.01it/s]t=:  37%|███▋      | 369/1000 [00:08<00:13, 46.07it/s]t=:  37%|███▋      | 374/1000 [00:08<00:13, 46.06it/s]t=:  38%|███▊      | 379/1000 [00:08<00:13, 45.90it/s]t=:  38%|███▊      | 384/1000 [00:08<00:13, 45.97it/s]t=:  39%|███▉      | 389/1000 [00:08<00:13, 46.02it/s]t=:  39%|███▉      | 394/1000 [00:08<00:13, 46.11it/s]t=:  40%|███▉      | 399/1000 [00:08<00:13, 46.07it/s]t=:  40%|████      | 404/1000 [00:08<00:12, 46.14it/s]t=:  41%|████      | 409/1000 [00:08<00:12, 46.11it/s]t=:  41%|████▏     | 414/1000 [00:09<00:12, 46.19it/s]t=:  42%|████▏     | 419/1000 [00:09<00:12, 46.22it/s]t=:  42%|████▏     | 424/1000 [00:09<00:12, 46.22it/s]t=:  43%|████▎     | 429/1000 [00:09<00:12, 46.20it/s]t=:  43%|████▎     | 434/1000 [00:09<00:12, 46.18it/s]t=:  44%|████▍     | 439/1000 [00:09<00:12, 46.16it/s]t=:  44%|████▍     | 444/1000 [00:09<00:12, 46.09it/s]t=:  45%|████▍     | 449/1000 [00:09<00:11, 46.14it/s]t=:  45%|████▌     | 454/1000 [00:09<00:11, 46.10it/s]t=:  46%|████▌     | 459/1000 [00:09<00:11, 46.16it/s]t=:  46%|████▋     | 464/1000 [00:10<00:11, 46.11it/s]t=:  47%|████▋     | 469/1000 [00:10<00:11, 46.10it/s]t=:  47%|████▋     | 474/1000 [00:10<00:11, 46.07it/s]t=:  48%|████▊     | 479/1000 [00:10<00:11, 46.12it/s]t=:  48%|████▊     | 484/1000 [00:10<00:11, 46.08it/s]t=:  49%|████▉     | 489/1000 [00:10<00:11, 46.05it/s]t=:  49%|████▉     | 494/1000 [00:10<00:10, 46.15it/s]t=:  50%|████▉     | 499/1000 [00:10<00:10, 46.11it/s]t=:  50%|█████     | 504/1000 [00:10<00:10, 46.21it/s]t=:  51%|█████     | 509/1000 [00:11<00:10, 46.17it/s]t=:  51%|█████▏    | 514/1000 [00:11<00:10, 46.20it/s]t=:  52%|█████▏    | 519/1000 [00:11<00:10, 46.12it/s]t=:  52%|█████▏    | 524/1000 [00:11<00:10, 46.06it/s]t=:  53%|█████▎    | 529/1000 [00:11<00:10, 46.04it/s]t=:  53%|█████▎    | 534/1000 [00:11<00:10, 46.08it/s]t=:  54%|█████▍    | 539/1000 [00:11<00:09, 46.11it/s]t=:  54%|█████▍    | 544/1000 [00:11<00:09, 46.09it/s]t=:  55%|█████▍    | 549/1000 [00:11<00:09, 46.14it/s]t=:  55%|█████▌    | 554/1000 [00:12<00:09, 46.14it/s]t=:  56%|█████▌    | 559/1000 [00:12<00:09, 46.17it/s]t=:  56%|█████▋    | 564/1000 [00:12<00:09, 45.94it/s]t=:  57%|█████▋    | 569/1000 [00:12<00:09, 46.06it/s]t=:  57%|█████▋    | 574/1000 [00:12<00:09, 46.11it/s]t=:  58%|█████▊    | 579/1000 [00:12<00:09, 46.12it/s]t=:  58%|█████▊    | 584/1000 [00:12<00:09, 46.07it/s]t=:  59%|█████▉    | 589/1000 [00:12<00:08, 46.05it/s]t=:  59%|█████▉    | 594/1000 [00:12<00:08, 46.13it/s]t=:  60%|█████▉    | 599/1000 [00:13<00:08, 46.11it/s]t=:  60%|██████    | 604/1000 [00:13<00:08, 46.21it/s]t=:  61%|██████    | 609/1000 [00:13<00:08, 46.09it/s]t=:  61%|██████▏   | 614/1000 [00:13<00:08, 46.14it/s]t=:  62%|██████▏   | 619/1000 [00:13<00:08, 46.14it/s]t=:  62%|██████▏   | 624/1000 [00:13<00:08, 46.13it/s]t=:  63%|██████▎   | 629/1000 [00:13<00:08, 46.06it/s]t=:  63%|██████▎   | 634/1000 [00:13<00:07, 46.12it/s]t=:  64%|██████▍   | 639/1000 [00:13<00:07, 46.12it/s]t=:  64%|██████▍   | 644/1000 [00:13<00:07, 46.12it/s]t=:  65%|██████▍   | 649/1000 [00:14<00:07, 46.18it/s]t=:  65%|██████▌   | 654/1000 [00:14<00:07, 46.09it/s]t=:  66%|██████▌   | 659/1000 [00:14<00:07, 46.00it/s]t=:  66%|██████▋   | 664/1000 [00:14<00:07, 46.01it/s]t=:  67%|██████▋   | 669/1000 [00:14<00:07, 46.12it/s]t=:  67%|██████▋   | 674/1000 [00:14<00:07, 46.12it/s]t=:  68%|██████▊   | 679/1000 [00:14<00:06, 46.14it/s]t=:  68%|██████▊   | 684/1000 [00:14<00:06, 46.07it/s]t=:  69%|██████▉   | 689/1000 [00:14<00:06, 46.09it/s]t=:  69%|██████▉   | 694/1000 [00:15<00:06, 46.18it/s]t=:  70%|██████▉   | 699/1000 [00:15<00:06, 46.10it/s]t=:  70%|███████   | 704/1000 [00:15<00:06, 46.18it/s]t=:  71%|███████   | 709/1000 [00:15<00:06, 46.05it/s]t=:  71%|███████▏  | 714/1000 [00:15<00:06, 46.05it/s]t=:  72%|███████▏  | 719/1000 [00:15<00:06, 46.03it/s]t=:  72%|███████▏  | 724/1000 [00:15<00:05, 46.08it/s]t=:  73%|███████▎  | 729/1000 [00:15<00:05, 46.05it/s]t=:  73%|███████▎  | 734/1000 [00:15<00:05, 46.05it/s]t=:  74%|███████▍  | 739/1000 [00:16<00:05, 46.11it/s]t=:  74%|███████▍  | 744/1000 [00:16<00:05, 46.07it/s]t=:  75%|███████▍  | 749/1000 [00:16<00:05, 46.03it/s]t=:  75%|███████▌  | 754/1000 [00:16<00:05, 46.00it/s]t=:  76%|███████▌  | 759/1000 [00:16<00:05, 46.13it/s]t=:  76%|███████▋  | 764/1000 [00:16<00:05, 46.10it/s]t=:  77%|███████▋  | 769/1000 [00:16<00:05, 46.16it/s]t=:  77%|███████▋  | 774/1000 [00:16<00:04, 46.14it/s]t=:  78%|███████▊  | 779/1000 [00:16<00:04, 46.15it/s]t=:  78%|███████▊  | 784/1000 [00:17<00:04, 46.12it/s]t=:  79%|███████▉  | 789/1000 [00:17<00:04, 46.06it/s]t=:  79%|███████▉  | 794/1000 [00:17<00:04, 46.14it/s]t=:  80%|███████▉  | 799/1000 [00:17<00:04, 46.13it/s]t=:  80%|████████  | 804/1000 [00:17<00:04, 46.13it/s]t=:  81%|████████  | 809/1000 [00:17<00:04, 46.12it/s]t=:  81%|████████▏ | 814/1000 [00:17<00:04, 46.14it/s]t=:  82%|████████▏ | 819/1000 [00:17<00:03, 46.11it/s]t=:  82%|████████▏ | 824/1000 [00:17<00:03, 46.19it/s]t=:  83%|████████▎ | 829/1000 [00:18<00:03, 46.20it/s]t=:  83%|████████▎ | 834/1000 [00:18<00:03, 46.15it/s]t=:  84%|████████▍ | 839/1000 [00:18<00:03, 46.20it/s]t=:  84%|████████▍ | 844/1000 [00:18<00:03, 45.65it/s]t=:  85%|████████▍ | 849/1000 [00:18<00:03, 45.82it/s]t=:  85%|████████▌ | 854/1000 [00:18<00:03, 45.91it/s]t=:  86%|████████▌ | 859/1000 [00:18<00:03, 46.01it/s]t=:  86%|████████▋ | 864/1000 [00:18<00:02, 46.04it/s]t=:  87%|████████▋ | 869/1000 [00:18<00:02, 46.04it/s]t=:  87%|████████▋ | 874/1000 [00:18<00:02, 46.04it/s]t=:  88%|████████▊ | 879/1000 [00:19<00:02, 46.13it/s]t=:  88%|████████▊ | 884/1000 [00:19<00:02, 46.06it/s]t=:  89%|████████▉ | 889/1000 [00:19<00:02, 45.99it/s]t=:  89%|████████▉ | 894/1000 [00:19<00:02, 46.07it/s]t=:  90%|████████▉ | 899/1000 [00:19<00:02, 46.08it/s]t=:  90%|█████████ | 904/1000 [00:19<00:02, 46.13it/s]t=:  91%|█████████ | 909/1000 [00:19<00:01, 46.13it/s]t=:  91%|█████████▏| 914/1000 [00:19<00:01, 46.20it/s]t=:  92%|█████████▏| 919/1000 [00:19<00:01, 46.14it/s]t=:  92%|█████████▏| 924/1000 [00:20<00:01, 46.18it/s]t=:  93%|█████████▎| 929/1000 [00:20<00:01, 46.17it/s]t=:  93%|█████████▎| 934/1000 [00:20<00:01, 46.16it/s]t=:  94%|█████████▍| 939/1000 [00:20<00:01, 46.05it/s]t=:  94%|█████████▍| 944/1000 [00:20<00:01, 46.05it/s]t=:  95%|█████████▍| 949/1000 [00:20<00:01, 46.13it/s]t=:  95%|█████████▌| 954/1000 [00:20<00:00, 46.11it/s]t=:  96%|█████████▌| 959/1000 [00:20<00:00, 46.16it/s]t=:  96%|█████████▋| 964/1000 [00:20<00:00, 46.17it/s]t=:  97%|█████████▋| 969/1000 [00:21<00:00, 46.24it/s]t=:  97%|█████████▋| 974/1000 [00:21<00:00, 46.21it/s]t=:  98%|█████████▊| 979/1000 [00:21<00:00, 46.19it/s]t=:  98%|█████████▊| 984/1000 [00:21<00:00, 46.18it/s]t=:  99%|█████████▉| 989/1000 [00:21<00:00, 46.16it/s]t=:  99%|█████████▉| 994/1000 [00:21<00:00, 46.20it/s]t=: 100%|█████████▉| 999/1000 [00:21<00:00, 46.15it/s]t=: 100%|██████████| 1000/1000 [00:21<00:00, 46.05it/s]

real	0m26.777s
user	0m20.672s
sys	0m2.263s

============================= JOB FEEDBACK =============================

NodeName=uc2n433
Job ID: 22502565
Cluster: uc2
User/Group: fr_jr594/fr_fr
State: COMPLETED (exit code 0)
Nodes: 1
Cores per node: 80
CPU Utilized: 00:00:24
CPU Efficiency: 0.53% of 01:16:00 core-walltime
Job Wall-clock time: 00:00:57
Memory Utilized: 4.34 GB
Memory Efficiency: 43.37% of 10.00 GB
